Removed Pin From Net: NetName=VDD Pin=J2-1
Removed Pin From Net: NetName=WS Pin=J2-2
Removed Pin From Net: NetName=SD Pin=J2-3
Removed Pin From Net: NetName=SCK Pin=J2-4
Removed Pin From Net: NetName=VDD Pin=J2-5
Removed Pin From Net: NetName=GND Pin=J2-6
Removed Pin From Net: NetName=SD Pin=J4-2
Removed Pin From Net: NetName=SCK Pin=J4-3
Removed Pin From Net: NetName=WS Pin=J4-4
Removed Pin From Net: NetName=VDD Pin=J4-7
Removed Pin From Net: NetName=GND Pin=J4-9
Added Pin To Net: NetName=GND Pin=J2-1
Added Pin To Net: NetName=VDD Pin=J2-2
Added Pin To Net: NetName=SCK Pin=J2-3
Added Pin To Net: NetName=SD Pin=J2-4
Added Pin To Net: NetName=WS Pin=J2-5
Added Pin To Net: NetName=VDD Pin=J2-6
Added Pin To Net: NetName=GND Pin=J4-2
Added Pin To Net: NetName=VDD Pin=J4-4
Added Pin To Net: NetName=WS Pin=J4-7
Added Pin To Net: NetName=SCK Pin=J4-8
Added Pin To Net: NetName=SD Pin=J4-9
