ARM GAS  /tmp/ccuCtpn5.s 			page 1


   1              		.cpu cortex-m7
   2              		.eabi_attribute 28, 1
   3              		.eabi_attribute 20, 1
   4              		.eabi_attribute 21, 1
   5              		.eabi_attribute 23, 3
   6              		.eabi_attribute 24, 1
   7              		.eabi_attribute 25, 1
   8              		.eabi_attribute 26, 1
   9              		.eabi_attribute 30, 1
  10              		.eabi_attribute 34, 1
  11              		.eabi_attribute 18, 4
  12              		.file	"stm32f7xx_hal_dac_ex.c"
  13              		.text
  14              	.Ltext0:
  15              		.cfi_sections	.debug_frame
  16              		.section	.text.HAL_DACEx_DualStart,"ax",%progbits
  17              		.align	1
  18              		.global	HAL_DACEx_DualStart
  19              		.arch armv7e-m
  20              		.syntax unified
  21              		.thumb
  22              		.thumb_func
  23              		.fpu fpv5-d16
  25              	HAL_DACEx_DualStart:
  26              	.LVL0:
  27              	.LFB141:
  28              		.file 1 "../Drivers/STM32F7xx_HAL_Driver/Src/stm32f7xx_hal_dac_ex.c"
   1:../Drivers/STM32F7xx_HAL_Driver/Src/stm32f7xx_hal_dac_ex.c **** /**
   2:../Drivers/STM32F7xx_HAL_Driver/Src/stm32f7xx_hal_dac_ex.c ****   ******************************************************************************
   3:../Drivers/STM32F7xx_HAL_Driver/Src/stm32f7xx_hal_dac_ex.c ****   * @file    stm32f7xx_hal_dac_ex.c
   4:../Drivers/STM32F7xx_HAL_Driver/Src/stm32f7xx_hal_dac_ex.c ****   * @author  MCD Application Team
   5:../Drivers/STM32F7xx_HAL_Driver/Src/stm32f7xx_hal_dac_ex.c ****   * @brief   Extended DAC HAL module driver.
   6:../Drivers/STM32F7xx_HAL_Driver/Src/stm32f7xx_hal_dac_ex.c ****   *          This file provides firmware functions to manage the extended
   7:../Drivers/STM32F7xx_HAL_Driver/Src/stm32f7xx_hal_dac_ex.c ****   *          functionalities of the DAC peripheral.
   8:../Drivers/STM32F7xx_HAL_Driver/Src/stm32f7xx_hal_dac_ex.c ****   *
   9:../Drivers/STM32F7xx_HAL_Driver/Src/stm32f7xx_hal_dac_ex.c ****   *
  10:../Drivers/STM32F7xx_HAL_Driver/Src/stm32f7xx_hal_dac_ex.c ****   ******************************************************************************
  11:../Drivers/STM32F7xx_HAL_Driver/Src/stm32f7xx_hal_dac_ex.c ****   * @attention
  12:../Drivers/STM32F7xx_HAL_Driver/Src/stm32f7xx_hal_dac_ex.c ****   *
  13:../Drivers/STM32F7xx_HAL_Driver/Src/stm32f7xx_hal_dac_ex.c ****   * Copyright (c) 2017 STMicroelectronics.
  14:../Drivers/STM32F7xx_HAL_Driver/Src/stm32f7xx_hal_dac_ex.c ****   * All rights reserved.
  15:../Drivers/STM32F7xx_HAL_Driver/Src/stm32f7xx_hal_dac_ex.c ****   *
  16:../Drivers/STM32F7xx_HAL_Driver/Src/stm32f7xx_hal_dac_ex.c ****   * This software is licensed under terms that can be found in the LICENSE file
  17:../Drivers/STM32F7xx_HAL_Driver/Src/stm32f7xx_hal_dac_ex.c ****   * in the root directory of this software component.
  18:../Drivers/STM32F7xx_HAL_Driver/Src/stm32f7xx_hal_dac_ex.c ****   * If no LICENSE file comes with this software, it is provided AS-IS.
  19:../Drivers/STM32F7xx_HAL_Driver/Src/stm32f7xx_hal_dac_ex.c ****   *
  20:../Drivers/STM32F7xx_HAL_Driver/Src/stm32f7xx_hal_dac_ex.c ****   ******************************************************************************
  21:../Drivers/STM32F7xx_HAL_Driver/Src/stm32f7xx_hal_dac_ex.c ****   @verbatim
  22:../Drivers/STM32F7xx_HAL_Driver/Src/stm32f7xx_hal_dac_ex.c ****   ==============================================================================
  23:../Drivers/STM32F7xx_HAL_Driver/Src/stm32f7xx_hal_dac_ex.c ****                       ##### How to use this driver #####
  24:../Drivers/STM32F7xx_HAL_Driver/Src/stm32f7xx_hal_dac_ex.c ****   ==============================================================================
  25:../Drivers/STM32F7xx_HAL_Driver/Src/stm32f7xx_hal_dac_ex.c ****     [..]
  26:../Drivers/STM32F7xx_HAL_Driver/Src/stm32f7xx_hal_dac_ex.c **** 
  27:../Drivers/STM32F7xx_HAL_Driver/Src/stm32f7xx_hal_dac_ex.c ****      *** Dual mode IO operation ***
  28:../Drivers/STM32F7xx_HAL_Driver/Src/stm32f7xx_hal_dac_ex.c ****      ==============================
  29:../Drivers/STM32F7xx_HAL_Driver/Src/stm32f7xx_hal_dac_ex.c ****      [..]
  30:../Drivers/STM32F7xx_HAL_Driver/Src/stm32f7xx_hal_dac_ex.c ****       (+) When Dual mode is enabled (i.e. DAC Channel1 and Channel2 are used simultaneously) :
ARM GAS  /tmp/ccuCtpn5.s 			page 2


  31:../Drivers/STM32F7xx_HAL_Driver/Src/stm32f7xx_hal_dac_ex.c ****           Use HAL_DACEx_DualGetValue() to get digital data to be converted and use
  32:../Drivers/STM32F7xx_HAL_Driver/Src/stm32f7xx_hal_dac_ex.c ****           HAL_DACEx_DualSetValue() to set digital value to converted simultaneously in
  33:../Drivers/STM32F7xx_HAL_Driver/Src/stm32f7xx_hal_dac_ex.c ****           Channel 1 and Channel 2.
  34:../Drivers/STM32F7xx_HAL_Driver/Src/stm32f7xx_hal_dac_ex.c **** 
  35:../Drivers/STM32F7xx_HAL_Driver/Src/stm32f7xx_hal_dac_ex.c ****      *** Signal generation operation ***
  36:../Drivers/STM32F7xx_HAL_Driver/Src/stm32f7xx_hal_dac_ex.c ****      ===================================
  37:../Drivers/STM32F7xx_HAL_Driver/Src/stm32f7xx_hal_dac_ex.c ****      [..]
  38:../Drivers/STM32F7xx_HAL_Driver/Src/stm32f7xx_hal_dac_ex.c ****       (+) Use HAL_DACEx_TriangleWaveGenerate() to generate Triangle signal.
  39:../Drivers/STM32F7xx_HAL_Driver/Src/stm32f7xx_hal_dac_ex.c ****       (+) Use HAL_DACEx_NoiseWaveGenerate() to generate Noise signal.
  40:../Drivers/STM32F7xx_HAL_Driver/Src/stm32f7xx_hal_dac_ex.c **** 
  41:../Drivers/STM32F7xx_HAL_Driver/Src/stm32f7xx_hal_dac_ex.c ****  @endverbatim
  42:../Drivers/STM32F7xx_HAL_Driver/Src/stm32f7xx_hal_dac_ex.c ****   ******************************************************************************
  43:../Drivers/STM32F7xx_HAL_Driver/Src/stm32f7xx_hal_dac_ex.c ****   */
  44:../Drivers/STM32F7xx_HAL_Driver/Src/stm32f7xx_hal_dac_ex.c **** 
  45:../Drivers/STM32F7xx_HAL_Driver/Src/stm32f7xx_hal_dac_ex.c **** 
  46:../Drivers/STM32F7xx_HAL_Driver/Src/stm32f7xx_hal_dac_ex.c **** /* Includes ------------------------------------------------------------------*/
  47:../Drivers/STM32F7xx_HAL_Driver/Src/stm32f7xx_hal_dac_ex.c **** #include "stm32f7xx_hal.h"
  48:../Drivers/STM32F7xx_HAL_Driver/Src/stm32f7xx_hal_dac_ex.c **** 
  49:../Drivers/STM32F7xx_HAL_Driver/Src/stm32f7xx_hal_dac_ex.c **** /** @addtogroup STM32F7xx_HAL_Driver
  50:../Drivers/STM32F7xx_HAL_Driver/Src/stm32f7xx_hal_dac_ex.c ****   * @{
  51:../Drivers/STM32F7xx_HAL_Driver/Src/stm32f7xx_hal_dac_ex.c ****   */
  52:../Drivers/STM32F7xx_HAL_Driver/Src/stm32f7xx_hal_dac_ex.c **** 
  53:../Drivers/STM32F7xx_HAL_Driver/Src/stm32f7xx_hal_dac_ex.c **** #ifdef HAL_DAC_MODULE_ENABLED
  54:../Drivers/STM32F7xx_HAL_Driver/Src/stm32f7xx_hal_dac_ex.c **** 
  55:../Drivers/STM32F7xx_HAL_Driver/Src/stm32f7xx_hal_dac_ex.c **** #if defined(DAC)
  56:../Drivers/STM32F7xx_HAL_Driver/Src/stm32f7xx_hal_dac_ex.c **** 
  57:../Drivers/STM32F7xx_HAL_Driver/Src/stm32f7xx_hal_dac_ex.c **** /** @defgroup DACEx DACEx
  58:../Drivers/STM32F7xx_HAL_Driver/Src/stm32f7xx_hal_dac_ex.c ****   * @brief DAC Extended HAL module driver
  59:../Drivers/STM32F7xx_HAL_Driver/Src/stm32f7xx_hal_dac_ex.c ****   * @{
  60:../Drivers/STM32F7xx_HAL_Driver/Src/stm32f7xx_hal_dac_ex.c ****   */
  61:../Drivers/STM32F7xx_HAL_Driver/Src/stm32f7xx_hal_dac_ex.c **** 
  62:../Drivers/STM32F7xx_HAL_Driver/Src/stm32f7xx_hal_dac_ex.c **** /* Private typedef -----------------------------------------------------------*/
  63:../Drivers/STM32F7xx_HAL_Driver/Src/stm32f7xx_hal_dac_ex.c **** /* Private define ------------------------------------------------------------*/
  64:../Drivers/STM32F7xx_HAL_Driver/Src/stm32f7xx_hal_dac_ex.c **** /* Private macro -------------------------------------------------------------*/
  65:../Drivers/STM32F7xx_HAL_Driver/Src/stm32f7xx_hal_dac_ex.c **** /* Private variables ---------------------------------------------------------*/
  66:../Drivers/STM32F7xx_HAL_Driver/Src/stm32f7xx_hal_dac_ex.c **** /* Private function prototypes -----------------------------------------------*/
  67:../Drivers/STM32F7xx_HAL_Driver/Src/stm32f7xx_hal_dac_ex.c **** /* Exported functions --------------------------------------------------------*/
  68:../Drivers/STM32F7xx_HAL_Driver/Src/stm32f7xx_hal_dac_ex.c **** 
  69:../Drivers/STM32F7xx_HAL_Driver/Src/stm32f7xx_hal_dac_ex.c **** /** @defgroup DACEx_Exported_Functions DACEx Exported Functions
  70:../Drivers/STM32F7xx_HAL_Driver/Src/stm32f7xx_hal_dac_ex.c ****   * @{
  71:../Drivers/STM32F7xx_HAL_Driver/Src/stm32f7xx_hal_dac_ex.c ****   */
  72:../Drivers/STM32F7xx_HAL_Driver/Src/stm32f7xx_hal_dac_ex.c **** 
  73:../Drivers/STM32F7xx_HAL_Driver/Src/stm32f7xx_hal_dac_ex.c **** /** @defgroup DACEx_Exported_Functions_Group2 IO operation functions
  74:../Drivers/STM32F7xx_HAL_Driver/Src/stm32f7xx_hal_dac_ex.c ****   *  @brief    Extended IO operation functions
  75:../Drivers/STM32F7xx_HAL_Driver/Src/stm32f7xx_hal_dac_ex.c ****   *
  76:../Drivers/STM32F7xx_HAL_Driver/Src/stm32f7xx_hal_dac_ex.c **** @verbatim
  77:../Drivers/STM32F7xx_HAL_Driver/Src/stm32f7xx_hal_dac_ex.c ****   ==============================================================================
  78:../Drivers/STM32F7xx_HAL_Driver/Src/stm32f7xx_hal_dac_ex.c ****                  ##### Extended features functions #####
  79:../Drivers/STM32F7xx_HAL_Driver/Src/stm32f7xx_hal_dac_ex.c ****   ==============================================================================
  80:../Drivers/STM32F7xx_HAL_Driver/Src/stm32f7xx_hal_dac_ex.c ****     [..]  This section provides functions allowing to:
  81:../Drivers/STM32F7xx_HAL_Driver/Src/stm32f7xx_hal_dac_ex.c ****       (+) Start conversion.
  82:../Drivers/STM32F7xx_HAL_Driver/Src/stm32f7xx_hal_dac_ex.c ****       (+) Stop conversion.
  83:../Drivers/STM32F7xx_HAL_Driver/Src/stm32f7xx_hal_dac_ex.c ****       (+) Start conversion and enable DMA transfer.
  84:../Drivers/STM32F7xx_HAL_Driver/Src/stm32f7xx_hal_dac_ex.c ****       (+) Stop conversion and disable DMA transfer.
  85:../Drivers/STM32F7xx_HAL_Driver/Src/stm32f7xx_hal_dac_ex.c ****       (+) Get result of conversion.
  86:../Drivers/STM32F7xx_HAL_Driver/Src/stm32f7xx_hal_dac_ex.c ****       (+) Get result of dual mode conversion.
  87:../Drivers/STM32F7xx_HAL_Driver/Src/stm32f7xx_hal_dac_ex.c **** 
ARM GAS  /tmp/ccuCtpn5.s 			page 3


  88:../Drivers/STM32F7xx_HAL_Driver/Src/stm32f7xx_hal_dac_ex.c **** @endverbatim
  89:../Drivers/STM32F7xx_HAL_Driver/Src/stm32f7xx_hal_dac_ex.c ****   * @{
  90:../Drivers/STM32F7xx_HAL_Driver/Src/stm32f7xx_hal_dac_ex.c ****   */
  91:../Drivers/STM32F7xx_HAL_Driver/Src/stm32f7xx_hal_dac_ex.c **** 
  92:../Drivers/STM32F7xx_HAL_Driver/Src/stm32f7xx_hal_dac_ex.c **** 
  93:../Drivers/STM32F7xx_HAL_Driver/Src/stm32f7xx_hal_dac_ex.c **** /**
  94:../Drivers/STM32F7xx_HAL_Driver/Src/stm32f7xx_hal_dac_ex.c ****   * @brief  Enables DAC and starts conversion of both channels.
  95:../Drivers/STM32F7xx_HAL_Driver/Src/stm32f7xx_hal_dac_ex.c ****   * @param  hdac pointer to a DAC_HandleTypeDef structure that contains
  96:../Drivers/STM32F7xx_HAL_Driver/Src/stm32f7xx_hal_dac_ex.c ****   *         the configuration information for the specified DAC.
  97:../Drivers/STM32F7xx_HAL_Driver/Src/stm32f7xx_hal_dac_ex.c ****   * @retval HAL status
  98:../Drivers/STM32F7xx_HAL_Driver/Src/stm32f7xx_hal_dac_ex.c ****   */
  99:../Drivers/STM32F7xx_HAL_Driver/Src/stm32f7xx_hal_dac_ex.c **** HAL_StatusTypeDef HAL_DACEx_DualStart(DAC_HandleTypeDef *hdac)
 100:../Drivers/STM32F7xx_HAL_Driver/Src/stm32f7xx_hal_dac_ex.c **** {
  29              		.loc 1 100 1 view -0
  30              		.cfi_startproc
  31              		@ args = 0, pretend = 0, frame = 0
  32              		@ frame_needed = 0, uses_anonymous_args = 0
  33              		@ link register save eliminated.
 101:../Drivers/STM32F7xx_HAL_Driver/Src/stm32f7xx_hal_dac_ex.c ****   uint32_t tmp_swtrig = 0UL;
  34              		.loc 1 101 3 view .LVU1
 102:../Drivers/STM32F7xx_HAL_Driver/Src/stm32f7xx_hal_dac_ex.c **** 
 103:../Drivers/STM32F7xx_HAL_Driver/Src/stm32f7xx_hal_dac_ex.c **** 
 104:../Drivers/STM32F7xx_HAL_Driver/Src/stm32f7xx_hal_dac_ex.c ****   /* Process locked */
 105:../Drivers/STM32F7xx_HAL_Driver/Src/stm32f7xx_hal_dac_ex.c ****   __HAL_LOCK(hdac);
  35              		.loc 1 105 3 view .LVU2
  36              		.loc 1 105 3 view .LVU3
  37 0000 4379     		ldrb	r3, [r0, #5]	@ zero_extendqisi2
  38 0002 012B     		cmp	r3, #1
  39 0004 2BD0     		beq	.L5
  40              		.loc 1 105 3 discriminator 2 view .LVU4
  41 0006 0123     		movs	r3, #1
  42 0008 4371     		strb	r3, [r0, #5]
  43              		.loc 1 105 3 discriminator 2 view .LVU5
 106:../Drivers/STM32F7xx_HAL_Driver/Src/stm32f7xx_hal_dac_ex.c **** 
 107:../Drivers/STM32F7xx_HAL_Driver/Src/stm32f7xx_hal_dac_ex.c ****   /* Change DAC state */
 108:../Drivers/STM32F7xx_HAL_Driver/Src/stm32f7xx_hal_dac_ex.c ****   hdac->State = HAL_DAC_STATE_BUSY;
  44              		.loc 1 108 3 discriminator 2 view .LVU6
  45              		.loc 1 108 15 is_stmt 0 discriminator 2 view .LVU7
  46 000a 0223     		movs	r3, #2
  47 000c 0371     		strb	r3, [r0, #4]
 109:../Drivers/STM32F7xx_HAL_Driver/Src/stm32f7xx_hal_dac_ex.c **** 
 110:../Drivers/STM32F7xx_HAL_Driver/Src/stm32f7xx_hal_dac_ex.c ****   /* Enable the Peripheral */
 111:../Drivers/STM32F7xx_HAL_Driver/Src/stm32f7xx_hal_dac_ex.c ****   __HAL_DAC_ENABLE(hdac, DAC_CHANNEL_1);
  48              		.loc 1 111 3 is_stmt 1 discriminator 2 view .LVU8
  49 000e 0268     		ldr	r2, [r0]
  50 0010 1368     		ldr	r3, [r2]
  51 0012 43F00103 		orr	r3, r3, #1
  52 0016 1360     		str	r3, [r2]
 112:../Drivers/STM32F7xx_HAL_Driver/Src/stm32f7xx_hal_dac_ex.c ****   __HAL_DAC_ENABLE(hdac, DAC_CHANNEL_2);
  53              		.loc 1 112 3 discriminator 2 view .LVU9
  54 0018 0268     		ldr	r2, [r0]
  55 001a 1368     		ldr	r3, [r2]
  56 001c 43F48033 		orr	r3, r3, #65536
  57 0020 1360     		str	r3, [r2]
 113:../Drivers/STM32F7xx_HAL_Driver/Src/stm32f7xx_hal_dac_ex.c **** 
 114:../Drivers/STM32F7xx_HAL_Driver/Src/stm32f7xx_hal_dac_ex.c ****   /* Check if software trigger enabled */
 115:../Drivers/STM32F7xx_HAL_Driver/Src/stm32f7xx_hal_dac_ex.c ****   if ((hdac->Instance->CR & (DAC_CR_TEN1 | DAC_CR_TSEL1)) == DAC_TRIGGER_SOFTWARE)
ARM GAS  /tmp/ccuCtpn5.s 			page 4


  58              		.loc 1 115 3 discriminator 2 view .LVU10
  59              		.loc 1 115 12 is_stmt 0 discriminator 2 view .LVU11
  60 0022 0368     		ldr	r3, [r0]
  61              		.loc 1 115 22 discriminator 2 view .LVU12
  62 0024 1A68     		ldr	r2, [r3]
  63              		.loc 1 115 27 discriminator 2 view .LVU13
  64 0026 02F03C02 		and	r2, r2, #60
  65              		.loc 1 115 6 discriminator 2 view .LVU14
  66 002a 3C2A     		cmp	r2, #60
  67 002c 11D0     		beq	.L6
 101:../Drivers/STM32F7xx_HAL_Driver/Src/stm32f7xx_hal_dac_ex.c **** 
  68              		.loc 1 101 12 view .LVU15
  69 002e 4FF0000C 		mov	ip, #0
  70              	.L3:
  71              	.LVL1:
 116:../Drivers/STM32F7xx_HAL_Driver/Src/stm32f7xx_hal_dac_ex.c ****   {
 117:../Drivers/STM32F7xx_HAL_Driver/Src/stm32f7xx_hal_dac_ex.c ****     tmp_swtrig |= DAC_SWTRIGR_SWTRIG1;
 118:../Drivers/STM32F7xx_HAL_Driver/Src/stm32f7xx_hal_dac_ex.c ****   }
 119:../Drivers/STM32F7xx_HAL_Driver/Src/stm32f7xx_hal_dac_ex.c ****   if ((hdac->Instance->CR & (DAC_CR_TEN2 | DAC_CR_TSEL2)) == (DAC_TRIGGER_SOFTWARE << (DAC_CHANNEL_
  72              		.loc 1 119 3 is_stmt 1 view .LVU16
  73              		.loc 1 119 22 is_stmt 0 view .LVU17
  74 0032 1968     		ldr	r1, [r3]
  75              		.loc 1 119 27 view .LVU18
  76 0034 01F47011 		and	r1, r1, #3932160
  77              		.loc 1 119 6 view .LVU19
  78 0038 B1F5701F 		cmp	r1, #3932160
  79 003c 0CD0     		beq	.L7
  80              	.L4:
 120:../Drivers/STM32F7xx_HAL_Driver/Src/stm32f7xx_hal_dac_ex.c ****   {
 121:../Drivers/STM32F7xx_HAL_Driver/Src/stm32f7xx_hal_dac_ex.c ****     tmp_swtrig |= DAC_SWTRIGR_SWTRIG2;
 122:../Drivers/STM32F7xx_HAL_Driver/Src/stm32f7xx_hal_dac_ex.c ****   }
 123:../Drivers/STM32F7xx_HAL_Driver/Src/stm32f7xx_hal_dac_ex.c ****   /* Enable the selected DAC software conversion*/
 124:../Drivers/STM32F7xx_HAL_Driver/Src/stm32f7xx_hal_dac_ex.c ****   SET_BIT(hdac->Instance->SWTRIGR, tmp_swtrig);
  81              		.loc 1 124 3 is_stmt 1 view .LVU20
  82 003e 5A68     		ldr	r2, [r3, #4]
  83 0040 42EA0C02 		orr	r2, r2, ip
  84 0044 5A60     		str	r2, [r3, #4]
 125:../Drivers/STM32F7xx_HAL_Driver/Src/stm32f7xx_hal_dac_ex.c **** 
 126:../Drivers/STM32F7xx_HAL_Driver/Src/stm32f7xx_hal_dac_ex.c ****   /* Change DAC state */
 127:../Drivers/STM32F7xx_HAL_Driver/Src/stm32f7xx_hal_dac_ex.c ****   hdac->State = HAL_DAC_STATE_READY;
  85              		.loc 1 127 3 view .LVU21
  86              		.loc 1 127 15 is_stmt 0 view .LVU22
  87 0046 0123     		movs	r3, #1
  88 0048 0371     		strb	r3, [r0, #4]
 128:../Drivers/STM32F7xx_HAL_Driver/Src/stm32f7xx_hal_dac_ex.c **** 
 129:../Drivers/STM32F7xx_HAL_Driver/Src/stm32f7xx_hal_dac_ex.c ****   /* Process unlocked */
 130:../Drivers/STM32F7xx_HAL_Driver/Src/stm32f7xx_hal_dac_ex.c ****   __HAL_UNLOCK(hdac);
  89              		.loc 1 130 3 is_stmt 1 view .LVU23
  90              		.loc 1 130 3 view .LVU24
  91 004a 0023     		movs	r3, #0
  92 004c 4371     		strb	r3, [r0, #5]
  93              		.loc 1 130 3 view .LVU25
 131:../Drivers/STM32F7xx_HAL_Driver/Src/stm32f7xx_hal_dac_ex.c **** 
 132:../Drivers/STM32F7xx_HAL_Driver/Src/stm32f7xx_hal_dac_ex.c ****   /* Return function status */
 133:../Drivers/STM32F7xx_HAL_Driver/Src/stm32f7xx_hal_dac_ex.c ****   return HAL_OK;
  94              		.loc 1 133 3 view .LVU26
  95              		.loc 1 133 10 is_stmt 0 view .LVU27
ARM GAS  /tmp/ccuCtpn5.s 			page 5


  96 004e 1846     		mov	r0, r3
  97              	.LVL2:
  98              		.loc 1 133 10 view .LVU28
  99 0050 7047     		bx	lr
 100              	.LVL3:
 101              	.L6:
 117:../Drivers/STM32F7xx_HAL_Driver/Src/stm32f7xx_hal_dac_ex.c ****   }
 102              		.loc 1 117 16 view .LVU29
 103 0052 4FF0010C 		mov	ip, #1
 104 0056 ECE7     		b	.L3
 105              	.LVL4:
 106              	.L7:
 121:../Drivers/STM32F7xx_HAL_Driver/Src/stm32f7xx_hal_dac_ex.c ****   }
 107              		.loc 1 121 5 is_stmt 1 view .LVU30
 121:../Drivers/STM32F7xx_HAL_Driver/Src/stm32f7xx_hal_dac_ex.c ****   }
 108              		.loc 1 121 16 is_stmt 0 view .LVU31
 109 0058 4CF0020C 		orr	ip, ip, #2
 110              	.LVL5:
 121:../Drivers/STM32F7xx_HAL_Driver/Src/stm32f7xx_hal_dac_ex.c ****   }
 111              		.loc 1 121 16 view .LVU32
 112 005c EFE7     		b	.L4
 113              	.LVL6:
 114              	.L5:
 105:../Drivers/STM32F7xx_HAL_Driver/Src/stm32f7xx_hal_dac_ex.c **** 
 115              		.loc 1 105 3 view .LVU33
 116 005e 0220     		movs	r0, #2
 117              	.LVL7:
 134:../Drivers/STM32F7xx_HAL_Driver/Src/stm32f7xx_hal_dac_ex.c **** }
 118              		.loc 1 134 1 view .LVU34
 119 0060 7047     		bx	lr
 120              		.cfi_endproc
 121              	.LFE141:
 123              		.section	.text.HAL_DACEx_DualStop,"ax",%progbits
 124              		.align	1
 125              		.global	HAL_DACEx_DualStop
 126              		.syntax unified
 127              		.thumb
 128              		.thumb_func
 129              		.fpu fpv5-d16
 131              	HAL_DACEx_DualStop:
 132              	.LVL8:
 133              	.LFB142:
 135:../Drivers/STM32F7xx_HAL_Driver/Src/stm32f7xx_hal_dac_ex.c **** 
 136:../Drivers/STM32F7xx_HAL_Driver/Src/stm32f7xx_hal_dac_ex.c **** /**
 137:../Drivers/STM32F7xx_HAL_Driver/Src/stm32f7xx_hal_dac_ex.c ****   * @brief  Disables DAC and stop conversion of both channels.
 138:../Drivers/STM32F7xx_HAL_Driver/Src/stm32f7xx_hal_dac_ex.c ****   * @param  hdac pointer to a DAC_HandleTypeDef structure that contains
 139:../Drivers/STM32F7xx_HAL_Driver/Src/stm32f7xx_hal_dac_ex.c ****   *         the configuration information for the specified DAC.
 140:../Drivers/STM32F7xx_HAL_Driver/Src/stm32f7xx_hal_dac_ex.c ****   * @retval HAL status
 141:../Drivers/STM32F7xx_HAL_Driver/Src/stm32f7xx_hal_dac_ex.c ****   */
 142:../Drivers/STM32F7xx_HAL_Driver/Src/stm32f7xx_hal_dac_ex.c **** HAL_StatusTypeDef HAL_DACEx_DualStop(DAC_HandleTypeDef *hdac)
 143:../Drivers/STM32F7xx_HAL_Driver/Src/stm32f7xx_hal_dac_ex.c **** {
 134              		.loc 1 143 1 is_stmt 1 view -0
 135              		.cfi_startproc
 136              		@ args = 0, pretend = 0, frame = 0
 137              		@ frame_needed = 0, uses_anonymous_args = 0
 138              		@ link register save eliminated.
 144:../Drivers/STM32F7xx_HAL_Driver/Src/stm32f7xx_hal_dac_ex.c **** 
ARM GAS  /tmp/ccuCtpn5.s 			page 6


 145:../Drivers/STM32F7xx_HAL_Driver/Src/stm32f7xx_hal_dac_ex.c ****   /* Disable the Peripheral */
 146:../Drivers/STM32F7xx_HAL_Driver/Src/stm32f7xx_hal_dac_ex.c ****   __HAL_DAC_DISABLE(hdac, DAC_CHANNEL_1);
 139              		.loc 1 146 3 view .LVU36
 140 0000 0268     		ldr	r2, [r0]
 141 0002 1368     		ldr	r3, [r2]
 142 0004 23F00103 		bic	r3, r3, #1
 143 0008 1360     		str	r3, [r2]
 147:../Drivers/STM32F7xx_HAL_Driver/Src/stm32f7xx_hal_dac_ex.c ****   __HAL_DAC_DISABLE(hdac, DAC_CHANNEL_2);
 144              		.loc 1 147 3 view .LVU37
 145 000a 0268     		ldr	r2, [r0]
 146 000c 1368     		ldr	r3, [r2]
 147 000e 23F48033 		bic	r3, r3, #65536
 148 0012 1360     		str	r3, [r2]
 148:../Drivers/STM32F7xx_HAL_Driver/Src/stm32f7xx_hal_dac_ex.c **** 
 149:../Drivers/STM32F7xx_HAL_Driver/Src/stm32f7xx_hal_dac_ex.c ****   /* Change DAC state */
 150:../Drivers/STM32F7xx_HAL_Driver/Src/stm32f7xx_hal_dac_ex.c ****   hdac->State = HAL_DAC_STATE_READY;
 149              		.loc 1 150 3 view .LVU38
 150              		.loc 1 150 15 is_stmt 0 view .LVU39
 151 0014 0123     		movs	r3, #1
 152 0016 0371     		strb	r3, [r0, #4]
 151:../Drivers/STM32F7xx_HAL_Driver/Src/stm32f7xx_hal_dac_ex.c **** 
 152:../Drivers/STM32F7xx_HAL_Driver/Src/stm32f7xx_hal_dac_ex.c ****   /* Return function status */
 153:../Drivers/STM32F7xx_HAL_Driver/Src/stm32f7xx_hal_dac_ex.c ****   return HAL_OK;
 153              		.loc 1 153 3 is_stmt 1 view .LVU40
 154:../Drivers/STM32F7xx_HAL_Driver/Src/stm32f7xx_hal_dac_ex.c **** }
 154              		.loc 1 154 1 is_stmt 0 view .LVU41
 155 0018 0020     		movs	r0, #0
 156              	.LVL9:
 157              		.loc 1 154 1 view .LVU42
 158 001a 7047     		bx	lr
 159              		.cfi_endproc
 160              	.LFE142:
 162              		.section	.text.HAL_DACEx_TriangleWaveGenerate,"ax",%progbits
 163              		.align	1
 164              		.global	HAL_DACEx_TriangleWaveGenerate
 165              		.syntax unified
 166              		.thumb
 167              		.thumb_func
 168              		.fpu fpv5-d16
 170              	HAL_DACEx_TriangleWaveGenerate:
 171              	.LVL10:
 172              	.LFB143:
 155:../Drivers/STM32F7xx_HAL_Driver/Src/stm32f7xx_hal_dac_ex.c **** 
 156:../Drivers/STM32F7xx_HAL_Driver/Src/stm32f7xx_hal_dac_ex.c **** 
 157:../Drivers/STM32F7xx_HAL_Driver/Src/stm32f7xx_hal_dac_ex.c **** /**
 158:../Drivers/STM32F7xx_HAL_Driver/Src/stm32f7xx_hal_dac_ex.c ****   * @brief  Enable or disable the selected DAC channel wave generation.
 159:../Drivers/STM32F7xx_HAL_Driver/Src/stm32f7xx_hal_dac_ex.c ****   * @param  hdac pointer to a DAC_HandleTypeDef structure that contains
 160:../Drivers/STM32F7xx_HAL_Driver/Src/stm32f7xx_hal_dac_ex.c ****   *         the configuration information for the specified DAC.
 161:../Drivers/STM32F7xx_HAL_Driver/Src/stm32f7xx_hal_dac_ex.c ****   * @param  Channel The selected DAC channel.
 162:../Drivers/STM32F7xx_HAL_Driver/Src/stm32f7xx_hal_dac_ex.c ****   *          This parameter can be one of the following values:
 163:../Drivers/STM32F7xx_HAL_Driver/Src/stm32f7xx_hal_dac_ex.c ****   *            @arg DAC_CHANNEL_1: DAC Channel1 selected
 164:../Drivers/STM32F7xx_HAL_Driver/Src/stm32f7xx_hal_dac_ex.c ****   *            @arg DAC_CHANNEL_2: DAC Channel2 selected
 165:../Drivers/STM32F7xx_HAL_Driver/Src/stm32f7xx_hal_dac_ex.c ****   * @param  Amplitude Select max triangle amplitude.
 166:../Drivers/STM32F7xx_HAL_Driver/Src/stm32f7xx_hal_dac_ex.c ****   *          This parameter can be one of the following values:
 167:../Drivers/STM32F7xx_HAL_Driver/Src/stm32f7xx_hal_dac_ex.c ****   *            @arg DAC_TRIANGLEAMPLITUDE_1: Select max triangle amplitude of 1
 168:../Drivers/STM32F7xx_HAL_Driver/Src/stm32f7xx_hal_dac_ex.c ****   *            @arg DAC_TRIANGLEAMPLITUDE_3: Select max triangle amplitude of 3
 169:../Drivers/STM32F7xx_HAL_Driver/Src/stm32f7xx_hal_dac_ex.c ****   *            @arg DAC_TRIANGLEAMPLITUDE_7: Select max triangle amplitude of 7
ARM GAS  /tmp/ccuCtpn5.s 			page 7


 170:../Drivers/STM32F7xx_HAL_Driver/Src/stm32f7xx_hal_dac_ex.c ****   *            @arg DAC_TRIANGLEAMPLITUDE_15: Select max triangle amplitude of 15
 171:../Drivers/STM32F7xx_HAL_Driver/Src/stm32f7xx_hal_dac_ex.c ****   *            @arg DAC_TRIANGLEAMPLITUDE_31: Select max triangle amplitude of 31
 172:../Drivers/STM32F7xx_HAL_Driver/Src/stm32f7xx_hal_dac_ex.c ****   *            @arg DAC_TRIANGLEAMPLITUDE_63: Select max triangle amplitude of 63
 173:../Drivers/STM32F7xx_HAL_Driver/Src/stm32f7xx_hal_dac_ex.c ****   *            @arg DAC_TRIANGLEAMPLITUDE_127: Select max triangle amplitude of 127
 174:../Drivers/STM32F7xx_HAL_Driver/Src/stm32f7xx_hal_dac_ex.c ****   *            @arg DAC_TRIANGLEAMPLITUDE_255: Select max triangle amplitude of 255
 175:../Drivers/STM32F7xx_HAL_Driver/Src/stm32f7xx_hal_dac_ex.c ****   *            @arg DAC_TRIANGLEAMPLITUDE_511: Select max triangle amplitude of 511
 176:../Drivers/STM32F7xx_HAL_Driver/Src/stm32f7xx_hal_dac_ex.c ****   *            @arg DAC_TRIANGLEAMPLITUDE_1023: Select max triangle amplitude of 1023
 177:../Drivers/STM32F7xx_HAL_Driver/Src/stm32f7xx_hal_dac_ex.c ****   *            @arg DAC_TRIANGLEAMPLITUDE_2047: Select max triangle amplitude of 2047
 178:../Drivers/STM32F7xx_HAL_Driver/Src/stm32f7xx_hal_dac_ex.c ****   *            @arg DAC_TRIANGLEAMPLITUDE_4095: Select max triangle amplitude of 4095
 179:../Drivers/STM32F7xx_HAL_Driver/Src/stm32f7xx_hal_dac_ex.c ****   * @retval HAL status
 180:../Drivers/STM32F7xx_HAL_Driver/Src/stm32f7xx_hal_dac_ex.c ****   */
 181:../Drivers/STM32F7xx_HAL_Driver/Src/stm32f7xx_hal_dac_ex.c **** HAL_StatusTypeDef HAL_DACEx_TriangleWaveGenerate(DAC_HandleTypeDef *hdac, uint32_t Channel, uint32_
 182:../Drivers/STM32F7xx_HAL_Driver/Src/stm32f7xx_hal_dac_ex.c **** {
 173              		.loc 1 182 1 is_stmt 1 view -0
 174              		.cfi_startproc
 175              		@ args = 0, pretend = 0, frame = 0
 176              		@ frame_needed = 0, uses_anonymous_args = 0
 183:../Drivers/STM32F7xx_HAL_Driver/Src/stm32f7xx_hal_dac_ex.c ****   /* Check the parameters */
 184:../Drivers/STM32F7xx_HAL_Driver/Src/stm32f7xx_hal_dac_ex.c ****   assert_param(IS_DAC_CHANNEL(Channel));
 177              		.loc 1 184 3 view .LVU44
 185:../Drivers/STM32F7xx_HAL_Driver/Src/stm32f7xx_hal_dac_ex.c ****   assert_param(IS_DAC_LFSR_UNMASK_TRIANGLE_AMPLITUDE(Amplitude));
 178              		.loc 1 185 3 view .LVU45
 186:../Drivers/STM32F7xx_HAL_Driver/Src/stm32f7xx_hal_dac_ex.c **** 
 187:../Drivers/STM32F7xx_HAL_Driver/Src/stm32f7xx_hal_dac_ex.c ****   /* Process locked */
 188:../Drivers/STM32F7xx_HAL_Driver/Src/stm32f7xx_hal_dac_ex.c ****   __HAL_LOCK(hdac);
 179              		.loc 1 188 3 view .LVU46
 180              		.loc 1 188 3 view .LVU47
 181 0000 4379     		ldrb	r3, [r0, #5]	@ zero_extendqisi2
 182 0002 012B     		cmp	r3, #1
 183 0004 1BD0     		beq	.L11
 182:../Drivers/STM32F7xx_HAL_Driver/Src/stm32f7xx_hal_dac_ex.c ****   /* Check the parameters */
 184              		.loc 1 182 1 is_stmt 0 discriminator 2 view .LVU48
 185 0006 10B5     		push	{r4, lr}
 186              	.LCFI0:
 187              		.cfi_def_cfa_offset 8
 188              		.cfi_offset 4, -8
 189              		.cfi_offset 14, -4
 190              		.loc 1 188 3 is_stmt 1 discriminator 2 view .LVU49
 191 0008 4FF0010E 		mov	lr, #1
 192 000c 80F805E0 		strb	lr, [r0, #5]
 193              		.loc 1 188 3 discriminator 2 view .LVU50
 189:../Drivers/STM32F7xx_HAL_Driver/Src/stm32f7xx_hal_dac_ex.c **** 
 190:../Drivers/STM32F7xx_HAL_Driver/Src/stm32f7xx_hal_dac_ex.c ****   /* Change DAC state */
 191:../Drivers/STM32F7xx_HAL_Driver/Src/stm32f7xx_hal_dac_ex.c ****   hdac->State = HAL_DAC_STATE_BUSY;
 194              		.loc 1 191 3 discriminator 2 view .LVU51
 195              		.loc 1 191 15 is_stmt 0 discriminator 2 view .LVU52
 196 0010 0223     		movs	r3, #2
 197 0012 0371     		strb	r3, [r0, #4]
 192:../Drivers/STM32F7xx_HAL_Driver/Src/stm32f7xx_hal_dac_ex.c **** 
 193:../Drivers/STM32F7xx_HAL_Driver/Src/stm32f7xx_hal_dac_ex.c ****   /* Enable the triangle wave generation for the selected DAC channel */
 194:../Drivers/STM32F7xx_HAL_Driver/Src/stm32f7xx_hal_dac_ex.c ****   MODIFY_REG(hdac->Instance->CR, ((DAC_CR_WAVE1) | (DAC_CR_MAMP1)) << (Channel & 0x10UL),
 198              		.loc 1 194 3 is_stmt 1 discriminator 2 view .LVU53
 199 0014 0468     		ldr	r4, [r0]
 200 0016 2368     		ldr	r3, [r4]
 201 0018 01F01001 		and	r1, r1, #16
 202              	.LVL11:
 203              		.loc 1 194 3 is_stmt 0 discriminator 2 view .LVU54
ARM GAS  /tmp/ccuCtpn5.s 			page 8


 204 001c 4FF47C6C 		mov	ip, #4032
 205 0020 0CFA01FC 		lsl	ip, ip, r1
 206 0024 23EA0C03 		bic	r3, r3, ip
 207 0028 42F08002 		orr	r2, r2, #128
 208              	.LVL12:
 209              		.loc 1 194 3 discriminator 2 view .LVU55
 210 002c 8A40     		lsls	r2, r2, r1
 211 002e 1A43     		orrs	r2, r2, r3
 212 0030 2260     		str	r2, [r4]
 195:../Drivers/STM32F7xx_HAL_Driver/Src/stm32f7xx_hal_dac_ex.c ****              (DAC_CR_WAVE1_1 | Amplitude) << (Channel & 0x10UL));
 196:../Drivers/STM32F7xx_HAL_Driver/Src/stm32f7xx_hal_dac_ex.c **** 
 197:../Drivers/STM32F7xx_HAL_Driver/Src/stm32f7xx_hal_dac_ex.c ****   /* Change DAC state */
 198:../Drivers/STM32F7xx_HAL_Driver/Src/stm32f7xx_hal_dac_ex.c ****   hdac->State = HAL_DAC_STATE_READY;
 213              		.loc 1 198 3 is_stmt 1 discriminator 2 view .LVU56
 214              		.loc 1 198 15 is_stmt 0 discriminator 2 view .LVU57
 215 0032 80F804E0 		strb	lr, [r0, #4]
 199:../Drivers/STM32F7xx_HAL_Driver/Src/stm32f7xx_hal_dac_ex.c **** 
 200:../Drivers/STM32F7xx_HAL_Driver/Src/stm32f7xx_hal_dac_ex.c ****   /* Process unlocked */
 201:../Drivers/STM32F7xx_HAL_Driver/Src/stm32f7xx_hal_dac_ex.c ****   __HAL_UNLOCK(hdac);
 216              		.loc 1 201 3 is_stmt 1 discriminator 2 view .LVU58
 217              		.loc 1 201 3 discriminator 2 view .LVU59
 218 0036 0023     		movs	r3, #0
 219 0038 4371     		strb	r3, [r0, #5]
 220              		.loc 1 201 3 discriminator 2 view .LVU60
 202:../Drivers/STM32F7xx_HAL_Driver/Src/stm32f7xx_hal_dac_ex.c **** 
 203:../Drivers/STM32F7xx_HAL_Driver/Src/stm32f7xx_hal_dac_ex.c ****   /* Return function status */
 204:../Drivers/STM32F7xx_HAL_Driver/Src/stm32f7xx_hal_dac_ex.c ****   return HAL_OK;
 221              		.loc 1 204 3 discriminator 2 view .LVU61
 222              		.loc 1 204 10 is_stmt 0 discriminator 2 view .LVU62
 223 003a 1846     		mov	r0, r3
 224              	.LVL13:
 205:../Drivers/STM32F7xx_HAL_Driver/Src/stm32f7xx_hal_dac_ex.c **** }
 225              		.loc 1 205 1 discriminator 2 view .LVU63
 226 003c 10BD     		pop	{r4, pc}
 227              	.LVL14:
 228              	.L11:
 229              	.LCFI1:
 230              		.cfi_def_cfa_offset 0
 231              		.cfi_restore 4
 232              		.cfi_restore 14
 188:../Drivers/STM32F7xx_HAL_Driver/Src/stm32f7xx_hal_dac_ex.c **** 
 233              		.loc 1 188 3 view .LVU64
 234 003e 0220     		movs	r0, #2
 235              	.LVL15:
 236              		.loc 1 205 1 view .LVU65
 237 0040 7047     		bx	lr
 238              		.cfi_endproc
 239              	.LFE143:
 241              		.section	.text.HAL_DACEx_NoiseWaveGenerate,"ax",%progbits
 242              		.align	1
 243              		.global	HAL_DACEx_NoiseWaveGenerate
 244              		.syntax unified
 245              		.thumb
 246              		.thumb_func
 247              		.fpu fpv5-d16
 249              	HAL_DACEx_NoiseWaveGenerate:
 250              	.LVL16:
ARM GAS  /tmp/ccuCtpn5.s 			page 9


 251              	.LFB144:
 206:../Drivers/STM32F7xx_HAL_Driver/Src/stm32f7xx_hal_dac_ex.c **** 
 207:../Drivers/STM32F7xx_HAL_Driver/Src/stm32f7xx_hal_dac_ex.c **** /**
 208:../Drivers/STM32F7xx_HAL_Driver/Src/stm32f7xx_hal_dac_ex.c ****   * @brief  Enable or disable the selected DAC channel wave generation.
 209:../Drivers/STM32F7xx_HAL_Driver/Src/stm32f7xx_hal_dac_ex.c ****   * @param  hdac pointer to a DAC_HandleTypeDef structure that contains
 210:../Drivers/STM32F7xx_HAL_Driver/Src/stm32f7xx_hal_dac_ex.c ****   *         the configuration information for the specified DAC.
 211:../Drivers/STM32F7xx_HAL_Driver/Src/stm32f7xx_hal_dac_ex.c ****   * @param  Channel The selected DAC channel.
 212:../Drivers/STM32F7xx_HAL_Driver/Src/stm32f7xx_hal_dac_ex.c ****   *          This parameter can be one of the following values:
 213:../Drivers/STM32F7xx_HAL_Driver/Src/stm32f7xx_hal_dac_ex.c ****   *            @arg DAC_CHANNEL_1: DAC Channel1 selected
 214:../Drivers/STM32F7xx_HAL_Driver/Src/stm32f7xx_hal_dac_ex.c ****   *            @arg DAC_CHANNEL_2: DAC Channel2 selected
 215:../Drivers/STM32F7xx_HAL_Driver/Src/stm32f7xx_hal_dac_ex.c ****   * @param  Amplitude Unmask DAC channel LFSR for noise wave generation.
 216:../Drivers/STM32F7xx_HAL_Driver/Src/stm32f7xx_hal_dac_ex.c ****   *          This parameter can be one of the following values:
 217:../Drivers/STM32F7xx_HAL_Driver/Src/stm32f7xx_hal_dac_ex.c ****   *            @arg DAC_LFSRUNMASK_BIT0: Unmask DAC channel LFSR bit0 for noise wave generation
 218:../Drivers/STM32F7xx_HAL_Driver/Src/stm32f7xx_hal_dac_ex.c ****   *            @arg DAC_LFSRUNMASK_BITS1_0: Unmask DAC channel LFSR bit[1:0] for noise wave generat
 219:../Drivers/STM32F7xx_HAL_Driver/Src/stm32f7xx_hal_dac_ex.c ****   *            @arg DAC_LFSRUNMASK_BITS2_0: Unmask DAC channel LFSR bit[2:0] for noise wave generat
 220:../Drivers/STM32F7xx_HAL_Driver/Src/stm32f7xx_hal_dac_ex.c ****   *            @arg DAC_LFSRUNMASK_BITS3_0: Unmask DAC channel LFSR bit[3:0] for noise wave generat
 221:../Drivers/STM32F7xx_HAL_Driver/Src/stm32f7xx_hal_dac_ex.c ****   *            @arg DAC_LFSRUNMASK_BITS4_0: Unmask DAC channel LFSR bit[4:0] for noise wave generat
 222:../Drivers/STM32F7xx_HAL_Driver/Src/stm32f7xx_hal_dac_ex.c ****   *            @arg DAC_LFSRUNMASK_BITS5_0: Unmask DAC channel LFSR bit[5:0] for noise wave generat
 223:../Drivers/STM32F7xx_HAL_Driver/Src/stm32f7xx_hal_dac_ex.c ****   *            @arg DAC_LFSRUNMASK_BITS6_0: Unmask DAC channel LFSR bit[6:0] for noise wave generat
 224:../Drivers/STM32F7xx_HAL_Driver/Src/stm32f7xx_hal_dac_ex.c ****   *            @arg DAC_LFSRUNMASK_BITS7_0: Unmask DAC channel LFSR bit[7:0] for noise wave generat
 225:../Drivers/STM32F7xx_HAL_Driver/Src/stm32f7xx_hal_dac_ex.c ****   *            @arg DAC_LFSRUNMASK_BITS8_0: Unmask DAC channel LFSR bit[8:0] for noise wave generat
 226:../Drivers/STM32F7xx_HAL_Driver/Src/stm32f7xx_hal_dac_ex.c ****   *            @arg DAC_LFSRUNMASK_BITS9_0: Unmask DAC channel LFSR bit[9:0] for noise wave generat
 227:../Drivers/STM32F7xx_HAL_Driver/Src/stm32f7xx_hal_dac_ex.c ****   *            @arg DAC_LFSRUNMASK_BITS10_0: Unmask DAC channel LFSR bit[10:0] for noise wave gener
 228:../Drivers/STM32F7xx_HAL_Driver/Src/stm32f7xx_hal_dac_ex.c ****   *            @arg DAC_LFSRUNMASK_BITS11_0: Unmask DAC channel LFSR bit[11:0] for noise wave gener
 229:../Drivers/STM32F7xx_HAL_Driver/Src/stm32f7xx_hal_dac_ex.c ****   * @retval HAL status
 230:../Drivers/STM32F7xx_HAL_Driver/Src/stm32f7xx_hal_dac_ex.c ****   */
 231:../Drivers/STM32F7xx_HAL_Driver/Src/stm32f7xx_hal_dac_ex.c **** HAL_StatusTypeDef HAL_DACEx_NoiseWaveGenerate(DAC_HandleTypeDef *hdac, uint32_t Channel, uint32_t A
 232:../Drivers/STM32F7xx_HAL_Driver/Src/stm32f7xx_hal_dac_ex.c **** {
 252              		.loc 1 232 1 is_stmt 1 view -0
 253              		.cfi_startproc
 254              		@ args = 0, pretend = 0, frame = 0
 255              		@ frame_needed = 0, uses_anonymous_args = 0
 233:../Drivers/STM32F7xx_HAL_Driver/Src/stm32f7xx_hal_dac_ex.c ****   /* Check the parameters */
 234:../Drivers/STM32F7xx_HAL_Driver/Src/stm32f7xx_hal_dac_ex.c ****   assert_param(IS_DAC_CHANNEL(Channel));
 256              		.loc 1 234 3 view .LVU67
 235:../Drivers/STM32F7xx_HAL_Driver/Src/stm32f7xx_hal_dac_ex.c ****   assert_param(IS_DAC_LFSR_UNMASK_TRIANGLE_AMPLITUDE(Amplitude));
 257              		.loc 1 235 3 view .LVU68
 236:../Drivers/STM32F7xx_HAL_Driver/Src/stm32f7xx_hal_dac_ex.c **** 
 237:../Drivers/STM32F7xx_HAL_Driver/Src/stm32f7xx_hal_dac_ex.c ****   /* Process locked */
 238:../Drivers/STM32F7xx_HAL_Driver/Src/stm32f7xx_hal_dac_ex.c ****   __HAL_LOCK(hdac);
 258              		.loc 1 238 3 view .LVU69
 259              		.loc 1 238 3 view .LVU70
 260 0000 4379     		ldrb	r3, [r0, #5]	@ zero_extendqisi2
 261 0002 012B     		cmp	r3, #1
 262 0004 1BD0     		beq	.L18
 232:../Drivers/STM32F7xx_HAL_Driver/Src/stm32f7xx_hal_dac_ex.c ****   /* Check the parameters */
 263              		.loc 1 232 1 is_stmt 0 discriminator 2 view .LVU71
 264 0006 10B5     		push	{r4, lr}
 265              	.LCFI2:
 266              		.cfi_def_cfa_offset 8
 267              		.cfi_offset 4, -8
 268              		.cfi_offset 14, -4
 269              		.loc 1 238 3 is_stmt 1 discriminator 2 view .LVU72
 270 0008 4FF0010E 		mov	lr, #1
 271 000c 80F805E0 		strb	lr, [r0, #5]
 272              		.loc 1 238 3 discriminator 2 view .LVU73
 239:../Drivers/STM32F7xx_HAL_Driver/Src/stm32f7xx_hal_dac_ex.c **** 
ARM GAS  /tmp/ccuCtpn5.s 			page 10


 240:../Drivers/STM32F7xx_HAL_Driver/Src/stm32f7xx_hal_dac_ex.c ****   /* Change DAC state */
 241:../Drivers/STM32F7xx_HAL_Driver/Src/stm32f7xx_hal_dac_ex.c ****   hdac->State = HAL_DAC_STATE_BUSY;
 273              		.loc 1 241 3 discriminator 2 view .LVU74
 274              		.loc 1 241 15 is_stmt 0 discriminator 2 view .LVU75
 275 0010 0223     		movs	r3, #2
 276 0012 0371     		strb	r3, [r0, #4]
 242:../Drivers/STM32F7xx_HAL_Driver/Src/stm32f7xx_hal_dac_ex.c **** 
 243:../Drivers/STM32F7xx_HAL_Driver/Src/stm32f7xx_hal_dac_ex.c ****   /* Enable the noise wave generation for the selected DAC channel */
 244:../Drivers/STM32F7xx_HAL_Driver/Src/stm32f7xx_hal_dac_ex.c ****   MODIFY_REG(hdac->Instance->CR, ((DAC_CR_WAVE1) | (DAC_CR_MAMP1)) << (Channel & 0x10UL),
 277              		.loc 1 244 3 is_stmt 1 discriminator 2 view .LVU76
 278 0014 0468     		ldr	r4, [r0]
 279 0016 2368     		ldr	r3, [r4]
 280 0018 01F01001 		and	r1, r1, #16
 281              	.LVL17:
 282              		.loc 1 244 3 is_stmt 0 discriminator 2 view .LVU77
 283 001c 4FF47C6C 		mov	ip, #4032
 284 0020 0CFA01FC 		lsl	ip, ip, r1
 285 0024 23EA0C03 		bic	r3, r3, ip
 286 0028 42F04002 		orr	r2, r2, #64
 287              	.LVL18:
 288              		.loc 1 244 3 discriminator 2 view .LVU78
 289 002c 8A40     		lsls	r2, r2, r1
 290 002e 1A43     		orrs	r2, r2, r3
 291 0030 2260     		str	r2, [r4]
 245:../Drivers/STM32F7xx_HAL_Driver/Src/stm32f7xx_hal_dac_ex.c ****              (DAC_CR_WAVE1_0 | Amplitude) << (Channel & 0x10UL));
 246:../Drivers/STM32F7xx_HAL_Driver/Src/stm32f7xx_hal_dac_ex.c **** 
 247:../Drivers/STM32F7xx_HAL_Driver/Src/stm32f7xx_hal_dac_ex.c ****   /* Change DAC state */
 248:../Drivers/STM32F7xx_HAL_Driver/Src/stm32f7xx_hal_dac_ex.c ****   hdac->State = HAL_DAC_STATE_READY;
 292              		.loc 1 248 3 is_stmt 1 discriminator 2 view .LVU79
 293              		.loc 1 248 15 is_stmt 0 discriminator 2 view .LVU80
 294 0032 80F804E0 		strb	lr, [r0, #4]
 249:../Drivers/STM32F7xx_HAL_Driver/Src/stm32f7xx_hal_dac_ex.c **** 
 250:../Drivers/STM32F7xx_HAL_Driver/Src/stm32f7xx_hal_dac_ex.c ****   /* Process unlocked */
 251:../Drivers/STM32F7xx_HAL_Driver/Src/stm32f7xx_hal_dac_ex.c ****   __HAL_UNLOCK(hdac);
 295              		.loc 1 251 3 is_stmt 1 discriminator 2 view .LVU81
 296              		.loc 1 251 3 discriminator 2 view .LVU82
 297 0036 0023     		movs	r3, #0
 298 0038 4371     		strb	r3, [r0, #5]
 299              		.loc 1 251 3 discriminator 2 view .LVU83
 252:../Drivers/STM32F7xx_HAL_Driver/Src/stm32f7xx_hal_dac_ex.c **** 
 253:../Drivers/STM32F7xx_HAL_Driver/Src/stm32f7xx_hal_dac_ex.c ****   /* Return function status */
 254:../Drivers/STM32F7xx_HAL_Driver/Src/stm32f7xx_hal_dac_ex.c ****   return HAL_OK;
 300              		.loc 1 254 3 discriminator 2 view .LVU84
 301              		.loc 1 254 10 is_stmt 0 discriminator 2 view .LVU85
 302 003a 1846     		mov	r0, r3
 303              	.LVL19:
 255:../Drivers/STM32F7xx_HAL_Driver/Src/stm32f7xx_hal_dac_ex.c **** }
 304              		.loc 1 255 1 discriminator 2 view .LVU86
 305 003c 10BD     		pop	{r4, pc}
 306              	.LVL20:
 307              	.L18:
 308              	.LCFI3:
 309              		.cfi_def_cfa_offset 0
 310              		.cfi_restore 4
 311              		.cfi_restore 14
 238:../Drivers/STM32F7xx_HAL_Driver/Src/stm32f7xx_hal_dac_ex.c **** 
 312              		.loc 1 238 3 view .LVU87
ARM GAS  /tmp/ccuCtpn5.s 			page 11


 313 003e 0220     		movs	r0, #2
 314              	.LVL21:
 315              		.loc 1 255 1 view .LVU88
 316 0040 7047     		bx	lr
 317              		.cfi_endproc
 318              	.LFE144:
 320              		.section	.text.HAL_DACEx_DualSetValue,"ax",%progbits
 321              		.align	1
 322              		.global	HAL_DACEx_DualSetValue
 323              		.syntax unified
 324              		.thumb
 325              		.thumb_func
 326              		.fpu fpv5-d16
 328              	HAL_DACEx_DualSetValue:
 329              	.LVL22:
 330              	.LFB145:
 256:../Drivers/STM32F7xx_HAL_Driver/Src/stm32f7xx_hal_dac_ex.c **** 
 257:../Drivers/STM32F7xx_HAL_Driver/Src/stm32f7xx_hal_dac_ex.c **** 
 258:../Drivers/STM32F7xx_HAL_Driver/Src/stm32f7xx_hal_dac_ex.c **** /**
 259:../Drivers/STM32F7xx_HAL_Driver/Src/stm32f7xx_hal_dac_ex.c ****   * @brief  Set the specified data holding register value for dual DAC channel.
 260:../Drivers/STM32F7xx_HAL_Driver/Src/stm32f7xx_hal_dac_ex.c ****   * @param  hdac pointer to a DAC_HandleTypeDef structure that contains
 261:../Drivers/STM32F7xx_HAL_Driver/Src/stm32f7xx_hal_dac_ex.c ****   *               the configuration information for the specified DAC.
 262:../Drivers/STM32F7xx_HAL_Driver/Src/stm32f7xx_hal_dac_ex.c ****   * @param  Alignment Specifies the data alignment for dual channel DAC.
 263:../Drivers/STM32F7xx_HAL_Driver/Src/stm32f7xx_hal_dac_ex.c ****   *          This parameter can be one of the following values:
 264:../Drivers/STM32F7xx_HAL_Driver/Src/stm32f7xx_hal_dac_ex.c ****   *            DAC_ALIGN_8B_R: 8bit right data alignment selected
 265:../Drivers/STM32F7xx_HAL_Driver/Src/stm32f7xx_hal_dac_ex.c ****   *            DAC_ALIGN_12B_L: 12bit left data alignment selected
 266:../Drivers/STM32F7xx_HAL_Driver/Src/stm32f7xx_hal_dac_ex.c ****   *            DAC_ALIGN_12B_R: 12bit right data alignment selected
 267:../Drivers/STM32F7xx_HAL_Driver/Src/stm32f7xx_hal_dac_ex.c ****   * @param  Data1 Data for DAC Channel1 to be loaded in the selected data holding register.
 268:../Drivers/STM32F7xx_HAL_Driver/Src/stm32f7xx_hal_dac_ex.c ****   * @param  Data2 Data for DAC Channel2 to be loaded in the selected data  holding register.
 269:../Drivers/STM32F7xx_HAL_Driver/Src/stm32f7xx_hal_dac_ex.c ****   * @note   In dual mode, a unique register access is required to write in both
 270:../Drivers/STM32F7xx_HAL_Driver/Src/stm32f7xx_hal_dac_ex.c ****   *          DAC channels at the same time.
 271:../Drivers/STM32F7xx_HAL_Driver/Src/stm32f7xx_hal_dac_ex.c ****   * @retval HAL status
 272:../Drivers/STM32F7xx_HAL_Driver/Src/stm32f7xx_hal_dac_ex.c ****   */
 273:../Drivers/STM32F7xx_HAL_Driver/Src/stm32f7xx_hal_dac_ex.c **** HAL_StatusTypeDef HAL_DACEx_DualSetValue(DAC_HandleTypeDef *hdac, uint32_t Alignment, uint32_t Data
 274:../Drivers/STM32F7xx_HAL_Driver/Src/stm32f7xx_hal_dac_ex.c **** {
 331              		.loc 1 274 1 is_stmt 1 view -0
 332              		.cfi_startproc
 333              		@ args = 0, pretend = 0, frame = 0
 334              		@ frame_needed = 0, uses_anonymous_args = 0
 335              		@ link register save eliminated.
 275:../Drivers/STM32F7xx_HAL_Driver/Src/stm32f7xx_hal_dac_ex.c ****   uint32_t data;
 336              		.loc 1 275 3 view .LVU90
 276:../Drivers/STM32F7xx_HAL_Driver/Src/stm32f7xx_hal_dac_ex.c ****   uint32_t tmp;
 337              		.loc 1 276 3 view .LVU91
 277:../Drivers/STM32F7xx_HAL_Driver/Src/stm32f7xx_hal_dac_ex.c **** 
 278:../Drivers/STM32F7xx_HAL_Driver/Src/stm32f7xx_hal_dac_ex.c ****   /* Check the parameters */
 279:../Drivers/STM32F7xx_HAL_Driver/Src/stm32f7xx_hal_dac_ex.c ****   assert_param(IS_DAC_ALIGN(Alignment));
 338              		.loc 1 279 3 view .LVU92
 280:../Drivers/STM32F7xx_HAL_Driver/Src/stm32f7xx_hal_dac_ex.c ****   assert_param(IS_DAC_DATA(Data1));
 339              		.loc 1 280 3 view .LVU93
 281:../Drivers/STM32F7xx_HAL_Driver/Src/stm32f7xx_hal_dac_ex.c ****   assert_param(IS_DAC_DATA(Data2));
 340              		.loc 1 281 3 view .LVU94
 282:../Drivers/STM32F7xx_HAL_Driver/Src/stm32f7xx_hal_dac_ex.c **** 
 283:../Drivers/STM32F7xx_HAL_Driver/Src/stm32f7xx_hal_dac_ex.c ****   /* Calculate and set dual DAC data holding register value */
 284:../Drivers/STM32F7xx_HAL_Driver/Src/stm32f7xx_hal_dac_ex.c ****   if (Alignment == DAC_ALIGN_8B_R)
 341              		.loc 1 284 3 view .LVU95
 342              		.loc 1 284 6 is_stmt 0 view .LVU96
ARM GAS  /tmp/ccuCtpn5.s 			page 12


 343 0000 0829     		cmp	r1, #8
 344 0002 06D0     		beq	.L26
 285:../Drivers/STM32F7xx_HAL_Driver/Src/stm32f7xx_hal_dac_ex.c ****   {
 286:../Drivers/STM32F7xx_HAL_Driver/Src/stm32f7xx_hal_dac_ex.c ****     data = ((uint32_t)Data2 << 8U) | Data1;
 287:../Drivers/STM32F7xx_HAL_Driver/Src/stm32f7xx_hal_dac_ex.c ****   }
 288:../Drivers/STM32F7xx_HAL_Driver/Src/stm32f7xx_hal_dac_ex.c ****   else
 289:../Drivers/STM32F7xx_HAL_Driver/Src/stm32f7xx_hal_dac_ex.c ****   {
 290:../Drivers/STM32F7xx_HAL_Driver/Src/stm32f7xx_hal_dac_ex.c ****     data = ((uint32_t)Data2 << 16U) | Data1;
 345              		.loc 1 290 5 is_stmt 1 view .LVU97
 346              		.loc 1 290 10 is_stmt 0 view .LVU98
 347 0004 42EA0342 		orr	r2, r2, r3, lsl #16
 348              	.LVL23:
 349              	.L25:
 291:../Drivers/STM32F7xx_HAL_Driver/Src/stm32f7xx_hal_dac_ex.c ****   }
 292:../Drivers/STM32F7xx_HAL_Driver/Src/stm32f7xx_hal_dac_ex.c **** 
 293:../Drivers/STM32F7xx_HAL_Driver/Src/stm32f7xx_hal_dac_ex.c ****   tmp = (uint32_t)hdac->Instance;
 350              		.loc 1 293 3 is_stmt 1 view .LVU99
 351              		.loc 1 293 23 is_stmt 0 view .LVU100
 352 0008 0368     		ldr	r3, [r0]
 353              	.LVL24:
 294:../Drivers/STM32F7xx_HAL_Driver/Src/stm32f7xx_hal_dac_ex.c ****   tmp += DAC_DHR12RD_ALIGNMENT(Alignment);
 354              		.loc 1 294 3 is_stmt 1 view .LVU101
 355              		.loc 1 294 7 is_stmt 0 view .LVU102
 356 000a 1944     		add	r1, r1, r3
 357              	.LVL25:
 295:../Drivers/STM32F7xx_HAL_Driver/Src/stm32f7xx_hal_dac_ex.c **** 
 296:../Drivers/STM32F7xx_HAL_Driver/Src/stm32f7xx_hal_dac_ex.c ****   /* Set the dual DAC selected data holding register */
 297:../Drivers/STM32F7xx_HAL_Driver/Src/stm32f7xx_hal_dac_ex.c ****   *(__IO uint32_t *)tmp = data;
 358              		.loc 1 297 3 is_stmt 1 view .LVU103
 359              		.loc 1 297 25 is_stmt 0 view .LVU104
 360 000c 0A62     		str	r2, [r1, #32]
 298:../Drivers/STM32F7xx_HAL_Driver/Src/stm32f7xx_hal_dac_ex.c **** 
 299:../Drivers/STM32F7xx_HAL_Driver/Src/stm32f7xx_hal_dac_ex.c ****   /* Return function status */
 300:../Drivers/STM32F7xx_HAL_Driver/Src/stm32f7xx_hal_dac_ex.c ****   return HAL_OK;
 361              		.loc 1 300 3 is_stmt 1 view .LVU105
 301:../Drivers/STM32F7xx_HAL_Driver/Src/stm32f7xx_hal_dac_ex.c **** }
 362              		.loc 1 301 1 is_stmt 0 view .LVU106
 363 000e 0020     		movs	r0, #0
 364              	.LVL26:
 365              		.loc 1 301 1 view .LVU107
 366 0010 7047     		bx	lr
 367              	.LVL27:
 368              	.L26:
 286:../Drivers/STM32F7xx_HAL_Driver/Src/stm32f7xx_hal_dac_ex.c ****   }
 369              		.loc 1 286 5 is_stmt 1 view .LVU108
 286:../Drivers/STM32F7xx_HAL_Driver/Src/stm32f7xx_hal_dac_ex.c ****   }
 370              		.loc 1 286 10 is_stmt 0 view .LVU109
 371 0012 42EA0322 		orr	r2, r2, r3, lsl #8
 372              	.LVL28:
 286:../Drivers/STM32F7xx_HAL_Driver/Src/stm32f7xx_hal_dac_ex.c ****   }
 373              		.loc 1 286 10 view .LVU110
 374 0016 F7E7     		b	.L25
 375              		.cfi_endproc
 376              	.LFE145:
 378              		.section	.text.HAL_DACEx_ConvCpltCallbackCh2,"ax",%progbits
 379              		.align	1
 380              		.weak	HAL_DACEx_ConvCpltCallbackCh2
ARM GAS  /tmp/ccuCtpn5.s 			page 13


 381              		.syntax unified
 382              		.thumb
 383              		.thumb_func
 384              		.fpu fpv5-d16
 386              	HAL_DACEx_ConvCpltCallbackCh2:
 387              	.LVL29:
 388              	.LFB146:
 302:../Drivers/STM32F7xx_HAL_Driver/Src/stm32f7xx_hal_dac_ex.c **** 
 303:../Drivers/STM32F7xx_HAL_Driver/Src/stm32f7xx_hal_dac_ex.c **** /**
 304:../Drivers/STM32F7xx_HAL_Driver/Src/stm32f7xx_hal_dac_ex.c ****   * @brief  Conversion complete callback in non-blocking mode for Channel2.
 305:../Drivers/STM32F7xx_HAL_Driver/Src/stm32f7xx_hal_dac_ex.c ****   * @param  hdac pointer to a DAC_HandleTypeDef structure that contains
 306:../Drivers/STM32F7xx_HAL_Driver/Src/stm32f7xx_hal_dac_ex.c ****   *         the configuration information for the specified DAC.
 307:../Drivers/STM32F7xx_HAL_Driver/Src/stm32f7xx_hal_dac_ex.c ****   * @retval None
 308:../Drivers/STM32F7xx_HAL_Driver/Src/stm32f7xx_hal_dac_ex.c ****   */
 309:../Drivers/STM32F7xx_HAL_Driver/Src/stm32f7xx_hal_dac_ex.c **** __weak void HAL_DACEx_ConvCpltCallbackCh2(DAC_HandleTypeDef *hdac)
 310:../Drivers/STM32F7xx_HAL_Driver/Src/stm32f7xx_hal_dac_ex.c **** {
 389              		.loc 1 310 1 is_stmt 1 view -0
 390              		.cfi_startproc
 391              		@ args = 0, pretend = 0, frame = 0
 392              		@ frame_needed = 0, uses_anonymous_args = 0
 393              		@ link register save eliminated.
 311:../Drivers/STM32F7xx_HAL_Driver/Src/stm32f7xx_hal_dac_ex.c ****   /* Prevent unused argument(s) compilation warning */
 312:../Drivers/STM32F7xx_HAL_Driver/Src/stm32f7xx_hal_dac_ex.c ****   UNUSED(hdac);
 394              		.loc 1 312 3 view .LVU112
 313:../Drivers/STM32F7xx_HAL_Driver/Src/stm32f7xx_hal_dac_ex.c **** 
 314:../Drivers/STM32F7xx_HAL_Driver/Src/stm32f7xx_hal_dac_ex.c ****   /* NOTE : This function should not be modified, when the callback is needed,
 315:../Drivers/STM32F7xx_HAL_Driver/Src/stm32f7xx_hal_dac_ex.c ****             the HAL_DACEx_ConvCpltCallbackCh2 could be implemented in the user file
 316:../Drivers/STM32F7xx_HAL_Driver/Src/stm32f7xx_hal_dac_ex.c ****    */
 317:../Drivers/STM32F7xx_HAL_Driver/Src/stm32f7xx_hal_dac_ex.c **** }
 395              		.loc 1 317 1 is_stmt 0 view .LVU113
 396 0000 7047     		bx	lr
 397              		.cfi_endproc
 398              	.LFE146:
 400              		.section	.text.HAL_DACEx_ConvHalfCpltCallbackCh2,"ax",%progbits
 401              		.align	1
 402              		.weak	HAL_DACEx_ConvHalfCpltCallbackCh2
 403              		.syntax unified
 404              		.thumb
 405              		.thumb_func
 406              		.fpu fpv5-d16
 408              	HAL_DACEx_ConvHalfCpltCallbackCh2:
 409              	.LVL30:
 410              	.LFB147:
 318:../Drivers/STM32F7xx_HAL_Driver/Src/stm32f7xx_hal_dac_ex.c **** 
 319:../Drivers/STM32F7xx_HAL_Driver/Src/stm32f7xx_hal_dac_ex.c **** /**
 320:../Drivers/STM32F7xx_HAL_Driver/Src/stm32f7xx_hal_dac_ex.c ****   * @brief  Conversion half DMA transfer callback in non-blocking mode for Channel2.
 321:../Drivers/STM32F7xx_HAL_Driver/Src/stm32f7xx_hal_dac_ex.c ****   * @param  hdac pointer to a DAC_HandleTypeDef structure that contains
 322:../Drivers/STM32F7xx_HAL_Driver/Src/stm32f7xx_hal_dac_ex.c ****   *         the configuration information for the specified DAC.
 323:../Drivers/STM32F7xx_HAL_Driver/Src/stm32f7xx_hal_dac_ex.c ****   * @retval None
 324:../Drivers/STM32F7xx_HAL_Driver/Src/stm32f7xx_hal_dac_ex.c ****   */
 325:../Drivers/STM32F7xx_HAL_Driver/Src/stm32f7xx_hal_dac_ex.c **** __weak void HAL_DACEx_ConvHalfCpltCallbackCh2(DAC_HandleTypeDef *hdac)
 326:../Drivers/STM32F7xx_HAL_Driver/Src/stm32f7xx_hal_dac_ex.c **** {
 411              		.loc 1 326 1 is_stmt 1 view -0
 412              		.cfi_startproc
 413              		@ args = 0, pretend = 0, frame = 0
 414              		@ frame_needed = 0, uses_anonymous_args = 0
 415              		@ link register save eliminated.
ARM GAS  /tmp/ccuCtpn5.s 			page 14


 327:../Drivers/STM32F7xx_HAL_Driver/Src/stm32f7xx_hal_dac_ex.c ****   /* Prevent unused argument(s) compilation warning */
 328:../Drivers/STM32F7xx_HAL_Driver/Src/stm32f7xx_hal_dac_ex.c ****   UNUSED(hdac);
 416              		.loc 1 328 3 view .LVU115
 329:../Drivers/STM32F7xx_HAL_Driver/Src/stm32f7xx_hal_dac_ex.c **** 
 330:../Drivers/STM32F7xx_HAL_Driver/Src/stm32f7xx_hal_dac_ex.c ****   /* NOTE : This function should not be modified, when the callback is needed,
 331:../Drivers/STM32F7xx_HAL_Driver/Src/stm32f7xx_hal_dac_ex.c ****             the HAL_DACEx_ConvHalfCpltCallbackCh2 could be implemented in the user file
 332:../Drivers/STM32F7xx_HAL_Driver/Src/stm32f7xx_hal_dac_ex.c ****    */
 333:../Drivers/STM32F7xx_HAL_Driver/Src/stm32f7xx_hal_dac_ex.c **** }
 417              		.loc 1 333 1 is_stmt 0 view .LVU116
 418 0000 7047     		bx	lr
 419              		.cfi_endproc
 420              	.LFE147:
 422              		.section	.text.HAL_DACEx_ErrorCallbackCh2,"ax",%progbits
 423              		.align	1
 424              		.weak	HAL_DACEx_ErrorCallbackCh2
 425              		.syntax unified
 426              		.thumb
 427              		.thumb_func
 428              		.fpu fpv5-d16
 430              	HAL_DACEx_ErrorCallbackCh2:
 431              	.LVL31:
 432              	.LFB148:
 334:../Drivers/STM32F7xx_HAL_Driver/Src/stm32f7xx_hal_dac_ex.c **** 
 335:../Drivers/STM32F7xx_HAL_Driver/Src/stm32f7xx_hal_dac_ex.c **** /**
 336:../Drivers/STM32F7xx_HAL_Driver/Src/stm32f7xx_hal_dac_ex.c ****   * @brief  Error DAC callback for Channel2.
 337:../Drivers/STM32F7xx_HAL_Driver/Src/stm32f7xx_hal_dac_ex.c ****   * @param  hdac pointer to a DAC_HandleTypeDef structure that contains
 338:../Drivers/STM32F7xx_HAL_Driver/Src/stm32f7xx_hal_dac_ex.c ****   *         the configuration information for the specified DAC.
 339:../Drivers/STM32F7xx_HAL_Driver/Src/stm32f7xx_hal_dac_ex.c ****   * @retval None
 340:../Drivers/STM32F7xx_HAL_Driver/Src/stm32f7xx_hal_dac_ex.c ****   */
 341:../Drivers/STM32F7xx_HAL_Driver/Src/stm32f7xx_hal_dac_ex.c **** __weak void HAL_DACEx_ErrorCallbackCh2(DAC_HandleTypeDef *hdac)
 342:../Drivers/STM32F7xx_HAL_Driver/Src/stm32f7xx_hal_dac_ex.c **** {
 433              		.loc 1 342 1 is_stmt 1 view -0
 434              		.cfi_startproc
 435              		@ args = 0, pretend = 0, frame = 0
 436              		@ frame_needed = 0, uses_anonymous_args = 0
 437              		@ link register save eliminated.
 343:../Drivers/STM32F7xx_HAL_Driver/Src/stm32f7xx_hal_dac_ex.c ****   /* Prevent unused argument(s) compilation warning */
 344:../Drivers/STM32F7xx_HAL_Driver/Src/stm32f7xx_hal_dac_ex.c ****   UNUSED(hdac);
 438              		.loc 1 344 3 view .LVU118
 345:../Drivers/STM32F7xx_HAL_Driver/Src/stm32f7xx_hal_dac_ex.c **** 
 346:../Drivers/STM32F7xx_HAL_Driver/Src/stm32f7xx_hal_dac_ex.c ****   /* NOTE : This function should not be modified, when the callback is needed,
 347:../Drivers/STM32F7xx_HAL_Driver/Src/stm32f7xx_hal_dac_ex.c ****             the HAL_DACEx_ErrorCallbackCh2 could be implemented in the user file
 348:../Drivers/STM32F7xx_HAL_Driver/Src/stm32f7xx_hal_dac_ex.c ****    */
 349:../Drivers/STM32F7xx_HAL_Driver/Src/stm32f7xx_hal_dac_ex.c **** }
 439              		.loc 1 349 1 is_stmt 0 view .LVU119
 440 0000 7047     		bx	lr
 441              		.cfi_endproc
 442              	.LFE148:
 444              		.section	.text.HAL_DACEx_DMAUnderrunCallbackCh2,"ax",%progbits
 445              		.align	1
 446              		.weak	HAL_DACEx_DMAUnderrunCallbackCh2
 447              		.syntax unified
 448              		.thumb
 449              		.thumb_func
 450              		.fpu fpv5-d16
 452              	HAL_DACEx_DMAUnderrunCallbackCh2:
 453              	.LVL32:
ARM GAS  /tmp/ccuCtpn5.s 			page 15


 454              	.LFB149:
 350:../Drivers/STM32F7xx_HAL_Driver/Src/stm32f7xx_hal_dac_ex.c **** 
 351:../Drivers/STM32F7xx_HAL_Driver/Src/stm32f7xx_hal_dac_ex.c **** /**
 352:../Drivers/STM32F7xx_HAL_Driver/Src/stm32f7xx_hal_dac_ex.c ****   * @brief  DMA underrun DAC callback for Channel2.
 353:../Drivers/STM32F7xx_HAL_Driver/Src/stm32f7xx_hal_dac_ex.c ****   * @param  hdac pointer to a DAC_HandleTypeDef structure that contains
 354:../Drivers/STM32F7xx_HAL_Driver/Src/stm32f7xx_hal_dac_ex.c ****   *         the configuration information for the specified DAC.
 355:../Drivers/STM32F7xx_HAL_Driver/Src/stm32f7xx_hal_dac_ex.c ****   * @retval None
 356:../Drivers/STM32F7xx_HAL_Driver/Src/stm32f7xx_hal_dac_ex.c ****   */
 357:../Drivers/STM32F7xx_HAL_Driver/Src/stm32f7xx_hal_dac_ex.c **** __weak void HAL_DACEx_DMAUnderrunCallbackCh2(DAC_HandleTypeDef *hdac)
 358:../Drivers/STM32F7xx_HAL_Driver/Src/stm32f7xx_hal_dac_ex.c **** {
 455              		.loc 1 358 1 is_stmt 1 view -0
 456              		.cfi_startproc
 457              		@ args = 0, pretend = 0, frame = 0
 458              		@ frame_needed = 0, uses_anonymous_args = 0
 459              		@ link register save eliminated.
 359:../Drivers/STM32F7xx_HAL_Driver/Src/stm32f7xx_hal_dac_ex.c ****   /* Prevent unused argument(s) compilation warning */
 360:../Drivers/STM32F7xx_HAL_Driver/Src/stm32f7xx_hal_dac_ex.c ****   UNUSED(hdac);
 460              		.loc 1 360 3 view .LVU121
 361:../Drivers/STM32F7xx_HAL_Driver/Src/stm32f7xx_hal_dac_ex.c **** 
 362:../Drivers/STM32F7xx_HAL_Driver/Src/stm32f7xx_hal_dac_ex.c ****   /* NOTE : This function should not be modified, when the callback is needed,
 363:../Drivers/STM32F7xx_HAL_Driver/Src/stm32f7xx_hal_dac_ex.c ****             the HAL_DACEx_DMAUnderrunCallbackCh2 could be implemented in the user file
 364:../Drivers/STM32F7xx_HAL_Driver/Src/stm32f7xx_hal_dac_ex.c ****    */
 365:../Drivers/STM32F7xx_HAL_Driver/Src/stm32f7xx_hal_dac_ex.c **** }
 461              		.loc 1 365 1 is_stmt 0 view .LVU122
 462 0000 7047     		bx	lr
 463              		.cfi_endproc
 464              	.LFE149:
 466              		.section	.text.HAL_DACEx_DualGetValue,"ax",%progbits
 467              		.align	1
 468              		.global	HAL_DACEx_DualGetValue
 469              		.syntax unified
 470              		.thumb
 471              		.thumb_func
 472              		.fpu fpv5-d16
 474              	HAL_DACEx_DualGetValue:
 475              	.LVL33:
 476              	.LFB150:
 366:../Drivers/STM32F7xx_HAL_Driver/Src/stm32f7xx_hal_dac_ex.c **** 
 367:../Drivers/STM32F7xx_HAL_Driver/Src/stm32f7xx_hal_dac_ex.c **** 
 368:../Drivers/STM32F7xx_HAL_Driver/Src/stm32f7xx_hal_dac_ex.c **** 
 369:../Drivers/STM32F7xx_HAL_Driver/Src/stm32f7xx_hal_dac_ex.c **** /**
 370:../Drivers/STM32F7xx_HAL_Driver/Src/stm32f7xx_hal_dac_ex.c ****   * @}
 371:../Drivers/STM32F7xx_HAL_Driver/Src/stm32f7xx_hal_dac_ex.c ****   */
 372:../Drivers/STM32F7xx_HAL_Driver/Src/stm32f7xx_hal_dac_ex.c **** 
 373:../Drivers/STM32F7xx_HAL_Driver/Src/stm32f7xx_hal_dac_ex.c **** /** @defgroup DACEx_Exported_Functions_Group3 Peripheral Control functions
 374:../Drivers/STM32F7xx_HAL_Driver/Src/stm32f7xx_hal_dac_ex.c ****   *  @brief    Extended Peripheral Control functions
 375:../Drivers/STM32F7xx_HAL_Driver/Src/stm32f7xx_hal_dac_ex.c ****   *
 376:../Drivers/STM32F7xx_HAL_Driver/Src/stm32f7xx_hal_dac_ex.c **** @verbatim
 377:../Drivers/STM32F7xx_HAL_Driver/Src/stm32f7xx_hal_dac_ex.c ****   ==============================================================================
 378:../Drivers/STM32F7xx_HAL_Driver/Src/stm32f7xx_hal_dac_ex.c ****              ##### Peripheral Control functions #####
 379:../Drivers/STM32F7xx_HAL_Driver/Src/stm32f7xx_hal_dac_ex.c ****   ==============================================================================
 380:../Drivers/STM32F7xx_HAL_Driver/Src/stm32f7xx_hal_dac_ex.c ****     [..]  This section provides functions allowing to:
 381:../Drivers/STM32F7xx_HAL_Driver/Src/stm32f7xx_hal_dac_ex.c ****       (+) Set the specified data holding register value for DAC channel.
 382:../Drivers/STM32F7xx_HAL_Driver/Src/stm32f7xx_hal_dac_ex.c **** 
 383:../Drivers/STM32F7xx_HAL_Driver/Src/stm32f7xx_hal_dac_ex.c **** @endverbatim
 384:../Drivers/STM32F7xx_HAL_Driver/Src/stm32f7xx_hal_dac_ex.c ****   * @{
 385:../Drivers/STM32F7xx_HAL_Driver/Src/stm32f7xx_hal_dac_ex.c ****   */
ARM GAS  /tmp/ccuCtpn5.s 			page 16


 386:../Drivers/STM32F7xx_HAL_Driver/Src/stm32f7xx_hal_dac_ex.c **** 
 387:../Drivers/STM32F7xx_HAL_Driver/Src/stm32f7xx_hal_dac_ex.c **** 
 388:../Drivers/STM32F7xx_HAL_Driver/Src/stm32f7xx_hal_dac_ex.c **** /**
 389:../Drivers/STM32F7xx_HAL_Driver/Src/stm32f7xx_hal_dac_ex.c ****   * @brief  Return the last data output value of the selected DAC channel.
 390:../Drivers/STM32F7xx_HAL_Driver/Src/stm32f7xx_hal_dac_ex.c ****   * @param  hdac pointer to a DAC_HandleTypeDef structure that contains
 391:../Drivers/STM32F7xx_HAL_Driver/Src/stm32f7xx_hal_dac_ex.c ****   *         the configuration information for the specified DAC.
 392:../Drivers/STM32F7xx_HAL_Driver/Src/stm32f7xx_hal_dac_ex.c ****   * @retval The selected DAC channel data output value.
 393:../Drivers/STM32F7xx_HAL_Driver/Src/stm32f7xx_hal_dac_ex.c ****   */
 394:../Drivers/STM32F7xx_HAL_Driver/Src/stm32f7xx_hal_dac_ex.c **** uint32_t HAL_DACEx_DualGetValue(DAC_HandleTypeDef *hdac)
 395:../Drivers/STM32F7xx_HAL_Driver/Src/stm32f7xx_hal_dac_ex.c **** {
 477              		.loc 1 395 1 is_stmt 1 view -0
 478              		.cfi_startproc
 479              		@ args = 0, pretend = 0, frame = 0
 480              		@ frame_needed = 0, uses_anonymous_args = 0
 481              		@ link register save eliminated.
 396:../Drivers/STM32F7xx_HAL_Driver/Src/stm32f7xx_hal_dac_ex.c ****   uint32_t tmp = 0UL;
 482              		.loc 1 396 3 view .LVU124
 397:../Drivers/STM32F7xx_HAL_Driver/Src/stm32f7xx_hal_dac_ex.c **** 
 398:../Drivers/STM32F7xx_HAL_Driver/Src/stm32f7xx_hal_dac_ex.c ****   tmp |= hdac->Instance->DOR1;
 483              		.loc 1 398 3 view .LVU125
 484              		.loc 1 398 14 is_stmt 0 view .LVU126
 485 0000 0368     		ldr	r3, [r0]
 486              		.loc 1 398 24 view .LVU127
 487 0002 DA6A     		ldr	r2, [r3, #44]
 488              	.LVL34:
 399:../Drivers/STM32F7xx_HAL_Driver/Src/stm32f7xx_hal_dac_ex.c **** 
 400:../Drivers/STM32F7xx_HAL_Driver/Src/stm32f7xx_hal_dac_ex.c ****   tmp |= hdac->Instance->DOR2 << 16UL;
 489              		.loc 1 400 3 is_stmt 1 view .LVU128
 490              		.loc 1 400 24 is_stmt 0 view .LVU129
 491 0004 186B     		ldr	r0, [r3, #48]
 492              	.LVL35:
 401:../Drivers/STM32F7xx_HAL_Driver/Src/stm32f7xx_hal_dac_ex.c **** 
 402:../Drivers/STM32F7xx_HAL_Driver/Src/stm32f7xx_hal_dac_ex.c ****   /* Returns the DAC channel data output register value */
 403:../Drivers/STM32F7xx_HAL_Driver/Src/stm32f7xx_hal_dac_ex.c ****   return tmp;
 493              		.loc 1 403 3 is_stmt 1 view .LVU130
 404:../Drivers/STM32F7xx_HAL_Driver/Src/stm32f7xx_hal_dac_ex.c **** }
 494              		.loc 1 404 1 is_stmt 0 view .LVU131
 495 0006 42EA0040 		orr	r0, r2, r0, lsl #16
 496              	.LVL36:
 497              		.loc 1 404 1 view .LVU132
 498 000a 7047     		bx	lr
 499              		.cfi_endproc
 500              	.LFE150:
 502              		.section	.text.DAC_DMAConvCpltCh2,"ax",%progbits
 503              		.align	1
 504              		.global	DAC_DMAConvCpltCh2
 505              		.syntax unified
 506              		.thumb
 507              		.thumb_func
 508              		.fpu fpv5-d16
 510              	DAC_DMAConvCpltCh2:
 511              	.LVL37:
 512              	.LFB151:
 405:../Drivers/STM32F7xx_HAL_Driver/Src/stm32f7xx_hal_dac_ex.c **** 
 406:../Drivers/STM32F7xx_HAL_Driver/Src/stm32f7xx_hal_dac_ex.c **** 
 407:../Drivers/STM32F7xx_HAL_Driver/Src/stm32f7xx_hal_dac_ex.c **** /**
 408:../Drivers/STM32F7xx_HAL_Driver/Src/stm32f7xx_hal_dac_ex.c ****   * @}
ARM GAS  /tmp/ccuCtpn5.s 			page 17


 409:../Drivers/STM32F7xx_HAL_Driver/Src/stm32f7xx_hal_dac_ex.c ****   */
 410:../Drivers/STM32F7xx_HAL_Driver/Src/stm32f7xx_hal_dac_ex.c **** /**
 411:../Drivers/STM32F7xx_HAL_Driver/Src/stm32f7xx_hal_dac_ex.c ****   * @}
 412:../Drivers/STM32F7xx_HAL_Driver/Src/stm32f7xx_hal_dac_ex.c ****   */
 413:../Drivers/STM32F7xx_HAL_Driver/Src/stm32f7xx_hal_dac_ex.c **** 
 414:../Drivers/STM32F7xx_HAL_Driver/Src/stm32f7xx_hal_dac_ex.c **** /* Private functions ---------------------------------------------------------*/
 415:../Drivers/STM32F7xx_HAL_Driver/Src/stm32f7xx_hal_dac_ex.c **** /** @defgroup DACEx_Private_Functions DACEx private functions
 416:../Drivers/STM32F7xx_HAL_Driver/Src/stm32f7xx_hal_dac_ex.c ****   *  @brief    Extended private functions
 417:../Drivers/STM32F7xx_HAL_Driver/Src/stm32f7xx_hal_dac_ex.c ****   * @{
 418:../Drivers/STM32F7xx_HAL_Driver/Src/stm32f7xx_hal_dac_ex.c ****   */
 419:../Drivers/STM32F7xx_HAL_Driver/Src/stm32f7xx_hal_dac_ex.c **** 
 420:../Drivers/STM32F7xx_HAL_Driver/Src/stm32f7xx_hal_dac_ex.c **** 
 421:../Drivers/STM32F7xx_HAL_Driver/Src/stm32f7xx_hal_dac_ex.c **** /**
 422:../Drivers/STM32F7xx_HAL_Driver/Src/stm32f7xx_hal_dac_ex.c ****   * @brief  DMA conversion complete callback.
 423:../Drivers/STM32F7xx_HAL_Driver/Src/stm32f7xx_hal_dac_ex.c ****   * @param  hdma pointer to a DMA_HandleTypeDef structure that contains
 424:../Drivers/STM32F7xx_HAL_Driver/Src/stm32f7xx_hal_dac_ex.c ****   *                the configuration information for the specified DMA module.
 425:../Drivers/STM32F7xx_HAL_Driver/Src/stm32f7xx_hal_dac_ex.c ****   * @retval None
 426:../Drivers/STM32F7xx_HAL_Driver/Src/stm32f7xx_hal_dac_ex.c ****   */
 427:../Drivers/STM32F7xx_HAL_Driver/Src/stm32f7xx_hal_dac_ex.c **** void DAC_DMAConvCpltCh2(DMA_HandleTypeDef *hdma)
 428:../Drivers/STM32F7xx_HAL_Driver/Src/stm32f7xx_hal_dac_ex.c **** {
 513              		.loc 1 428 1 is_stmt 1 view -0
 514              		.cfi_startproc
 515              		@ args = 0, pretend = 0, frame = 0
 516              		@ frame_needed = 0, uses_anonymous_args = 0
 517              		.loc 1 428 1 is_stmt 0 view .LVU134
 518 0000 10B5     		push	{r4, lr}
 519              	.LCFI4:
 520              		.cfi_def_cfa_offset 8
 521              		.cfi_offset 4, -8
 522              		.cfi_offset 14, -4
 429:../Drivers/STM32F7xx_HAL_Driver/Src/stm32f7xx_hal_dac_ex.c ****   DAC_HandleTypeDef *hdac = (DAC_HandleTypeDef *)((DMA_HandleTypeDef *)hdma)->Parent;
 523              		.loc 1 429 3 is_stmt 1 view .LVU135
 524              		.loc 1 429 22 is_stmt 0 view .LVU136
 525 0002 846B     		ldr	r4, [r0, #56]
 526              	.LVL38:
 430:../Drivers/STM32F7xx_HAL_Driver/Src/stm32f7xx_hal_dac_ex.c **** 
 431:../Drivers/STM32F7xx_HAL_Driver/Src/stm32f7xx_hal_dac_ex.c **** #if (USE_HAL_DAC_REGISTER_CALLBACKS == 1)
 432:../Drivers/STM32F7xx_HAL_Driver/Src/stm32f7xx_hal_dac_ex.c ****   hdac->ConvCpltCallbackCh2(hdac);
 433:../Drivers/STM32F7xx_HAL_Driver/Src/stm32f7xx_hal_dac_ex.c **** #else
 434:../Drivers/STM32F7xx_HAL_Driver/Src/stm32f7xx_hal_dac_ex.c ****   HAL_DACEx_ConvCpltCallbackCh2(hdac);
 527              		.loc 1 434 3 is_stmt 1 view .LVU137
 528 0004 2046     		mov	r0, r4
 529              	.LVL39:
 530              		.loc 1 434 3 is_stmt 0 view .LVU138
 531 0006 FFF7FEFF 		bl	HAL_DACEx_ConvCpltCallbackCh2
 532              	.LVL40:
 435:../Drivers/STM32F7xx_HAL_Driver/Src/stm32f7xx_hal_dac_ex.c **** #endif /* USE_HAL_DAC_REGISTER_CALLBACKS */
 436:../Drivers/STM32F7xx_HAL_Driver/Src/stm32f7xx_hal_dac_ex.c **** 
 437:../Drivers/STM32F7xx_HAL_Driver/Src/stm32f7xx_hal_dac_ex.c ****   hdac->State = HAL_DAC_STATE_READY;
 533              		.loc 1 437 3 is_stmt 1 view .LVU139
 534              		.loc 1 437 15 is_stmt 0 view .LVU140
 535 000a 0123     		movs	r3, #1
 536 000c 2371     		strb	r3, [r4, #4]
 438:../Drivers/STM32F7xx_HAL_Driver/Src/stm32f7xx_hal_dac_ex.c **** }
 537              		.loc 1 438 1 view .LVU141
 538 000e 10BD     		pop	{r4, pc}
 539              		.loc 1 438 1 view .LVU142
ARM GAS  /tmp/ccuCtpn5.s 			page 18


 540              		.cfi_endproc
 541              	.LFE151:
 543              		.section	.text.DAC_DMAHalfConvCpltCh2,"ax",%progbits
 544              		.align	1
 545              		.global	DAC_DMAHalfConvCpltCh2
 546              		.syntax unified
 547              		.thumb
 548              		.thumb_func
 549              		.fpu fpv5-d16
 551              	DAC_DMAHalfConvCpltCh2:
 552              	.LVL41:
 553              	.LFB152:
 439:../Drivers/STM32F7xx_HAL_Driver/Src/stm32f7xx_hal_dac_ex.c **** 
 440:../Drivers/STM32F7xx_HAL_Driver/Src/stm32f7xx_hal_dac_ex.c **** /**
 441:../Drivers/STM32F7xx_HAL_Driver/Src/stm32f7xx_hal_dac_ex.c ****   * @brief  DMA half transfer complete callback.
 442:../Drivers/STM32F7xx_HAL_Driver/Src/stm32f7xx_hal_dac_ex.c ****   * @param  hdma pointer to a DMA_HandleTypeDef structure that contains
 443:../Drivers/STM32F7xx_HAL_Driver/Src/stm32f7xx_hal_dac_ex.c ****   *                the configuration information for the specified DMA module.
 444:../Drivers/STM32F7xx_HAL_Driver/Src/stm32f7xx_hal_dac_ex.c ****   * @retval None
 445:../Drivers/STM32F7xx_HAL_Driver/Src/stm32f7xx_hal_dac_ex.c ****   */
 446:../Drivers/STM32F7xx_HAL_Driver/Src/stm32f7xx_hal_dac_ex.c **** void DAC_DMAHalfConvCpltCh2(DMA_HandleTypeDef *hdma)
 447:../Drivers/STM32F7xx_HAL_Driver/Src/stm32f7xx_hal_dac_ex.c **** {
 554              		.loc 1 447 1 is_stmt 1 view -0
 555              		.cfi_startproc
 556              		@ args = 0, pretend = 0, frame = 0
 557              		@ frame_needed = 0, uses_anonymous_args = 0
 558              		.loc 1 447 1 is_stmt 0 view .LVU144
 559 0000 08B5     		push	{r3, lr}
 560              	.LCFI5:
 561              		.cfi_def_cfa_offset 8
 562              		.cfi_offset 3, -8
 563              		.cfi_offset 14, -4
 448:../Drivers/STM32F7xx_HAL_Driver/Src/stm32f7xx_hal_dac_ex.c ****   DAC_HandleTypeDef *hdac = (DAC_HandleTypeDef *)((DMA_HandleTypeDef *)hdma)->Parent;
 564              		.loc 1 448 3 is_stmt 1 view .LVU145
 565              	.LVL42:
 449:../Drivers/STM32F7xx_HAL_Driver/Src/stm32f7xx_hal_dac_ex.c ****   /* Conversion complete callback */
 450:../Drivers/STM32F7xx_HAL_Driver/Src/stm32f7xx_hal_dac_ex.c **** #if (USE_HAL_DAC_REGISTER_CALLBACKS == 1)
 451:../Drivers/STM32F7xx_HAL_Driver/Src/stm32f7xx_hal_dac_ex.c ****   hdac->ConvHalfCpltCallbackCh2(hdac);
 452:../Drivers/STM32F7xx_HAL_Driver/Src/stm32f7xx_hal_dac_ex.c **** #else
 453:../Drivers/STM32F7xx_HAL_Driver/Src/stm32f7xx_hal_dac_ex.c ****   HAL_DACEx_ConvHalfCpltCallbackCh2(hdac);
 566              		.loc 1 453 3 view .LVU146
 567 0002 806B     		ldr	r0, [r0, #56]
 568              	.LVL43:
 569              		.loc 1 453 3 is_stmt 0 view .LVU147
 570 0004 FFF7FEFF 		bl	HAL_DACEx_ConvHalfCpltCallbackCh2
 571              	.LVL44:
 454:../Drivers/STM32F7xx_HAL_Driver/Src/stm32f7xx_hal_dac_ex.c **** #endif /* USE_HAL_DAC_REGISTER_CALLBACKS */
 455:../Drivers/STM32F7xx_HAL_Driver/Src/stm32f7xx_hal_dac_ex.c **** }
 572              		.loc 1 455 1 view .LVU148
 573 0008 08BD     		pop	{r3, pc}
 574              		.cfi_endproc
 575              	.LFE152:
 577              		.section	.text.DAC_DMAErrorCh2,"ax",%progbits
 578              		.align	1
 579              		.global	DAC_DMAErrorCh2
 580              		.syntax unified
 581              		.thumb
 582              		.thumb_func
ARM GAS  /tmp/ccuCtpn5.s 			page 19


 583              		.fpu fpv5-d16
 585              	DAC_DMAErrorCh2:
 586              	.LVL45:
 587              	.LFB153:
 456:../Drivers/STM32F7xx_HAL_Driver/Src/stm32f7xx_hal_dac_ex.c **** 
 457:../Drivers/STM32F7xx_HAL_Driver/Src/stm32f7xx_hal_dac_ex.c **** /**
 458:../Drivers/STM32F7xx_HAL_Driver/Src/stm32f7xx_hal_dac_ex.c ****   * @brief  DMA error callback.
 459:../Drivers/STM32F7xx_HAL_Driver/Src/stm32f7xx_hal_dac_ex.c ****   * @param  hdma pointer to a DMA_HandleTypeDef structure that contains
 460:../Drivers/STM32F7xx_HAL_Driver/Src/stm32f7xx_hal_dac_ex.c ****   *                the configuration information for the specified DMA module.
 461:../Drivers/STM32F7xx_HAL_Driver/Src/stm32f7xx_hal_dac_ex.c ****   * @retval None
 462:../Drivers/STM32F7xx_HAL_Driver/Src/stm32f7xx_hal_dac_ex.c ****   */
 463:../Drivers/STM32F7xx_HAL_Driver/Src/stm32f7xx_hal_dac_ex.c **** void DAC_DMAErrorCh2(DMA_HandleTypeDef *hdma)
 464:../Drivers/STM32F7xx_HAL_Driver/Src/stm32f7xx_hal_dac_ex.c **** {
 588              		.loc 1 464 1 is_stmt 1 view -0
 589              		.cfi_startproc
 590              		@ args = 0, pretend = 0, frame = 0
 591              		@ frame_needed = 0, uses_anonymous_args = 0
 592              		.loc 1 464 1 is_stmt 0 view .LVU150
 593 0000 10B5     		push	{r4, lr}
 594              	.LCFI6:
 595              		.cfi_def_cfa_offset 8
 596              		.cfi_offset 4, -8
 597              		.cfi_offset 14, -4
 465:../Drivers/STM32F7xx_HAL_Driver/Src/stm32f7xx_hal_dac_ex.c ****   DAC_HandleTypeDef *hdac = (DAC_HandleTypeDef *)((DMA_HandleTypeDef *)hdma)->Parent;
 598              		.loc 1 465 3 is_stmt 1 view .LVU151
 599              		.loc 1 465 22 is_stmt 0 view .LVU152
 600 0002 846B     		ldr	r4, [r0, #56]
 601              	.LVL46:
 466:../Drivers/STM32F7xx_HAL_Driver/Src/stm32f7xx_hal_dac_ex.c **** 
 467:../Drivers/STM32F7xx_HAL_Driver/Src/stm32f7xx_hal_dac_ex.c ****   /* Set DAC error code to DMA error */
 468:../Drivers/STM32F7xx_HAL_Driver/Src/stm32f7xx_hal_dac_ex.c ****   hdac->ErrorCode |= HAL_DAC_ERROR_DMA;
 602              		.loc 1 468 3 is_stmt 1 view .LVU153
 603              		.loc 1 468 19 is_stmt 0 view .LVU154
 604 0004 2369     		ldr	r3, [r4, #16]
 605 0006 43F00403 		orr	r3, r3, #4
 606 000a 2361     		str	r3, [r4, #16]
 469:../Drivers/STM32F7xx_HAL_Driver/Src/stm32f7xx_hal_dac_ex.c **** 
 470:../Drivers/STM32F7xx_HAL_Driver/Src/stm32f7xx_hal_dac_ex.c **** #if (USE_HAL_DAC_REGISTER_CALLBACKS == 1)
 471:../Drivers/STM32F7xx_HAL_Driver/Src/stm32f7xx_hal_dac_ex.c ****   hdac->ErrorCallbackCh2(hdac);
 472:../Drivers/STM32F7xx_HAL_Driver/Src/stm32f7xx_hal_dac_ex.c **** #else
 473:../Drivers/STM32F7xx_HAL_Driver/Src/stm32f7xx_hal_dac_ex.c ****   HAL_DACEx_ErrorCallbackCh2(hdac);
 607              		.loc 1 473 3 is_stmt 1 view .LVU155
 608 000c 2046     		mov	r0, r4
 609              	.LVL47:
 610              		.loc 1 473 3 is_stmt 0 view .LVU156
 611 000e FFF7FEFF 		bl	HAL_DACEx_ErrorCallbackCh2
 612              	.LVL48:
 474:../Drivers/STM32F7xx_HAL_Driver/Src/stm32f7xx_hal_dac_ex.c **** #endif /* USE_HAL_DAC_REGISTER_CALLBACKS */
 475:../Drivers/STM32F7xx_HAL_Driver/Src/stm32f7xx_hal_dac_ex.c **** 
 476:../Drivers/STM32F7xx_HAL_Driver/Src/stm32f7xx_hal_dac_ex.c ****   hdac->State = HAL_DAC_STATE_READY;
 613              		.loc 1 476 3 is_stmt 1 view .LVU157
 614              		.loc 1 476 15 is_stmt 0 view .LVU158
 615 0012 0123     		movs	r3, #1
 616 0014 2371     		strb	r3, [r4, #4]
 477:../Drivers/STM32F7xx_HAL_Driver/Src/stm32f7xx_hal_dac_ex.c **** }
 617              		.loc 1 477 1 view .LVU159
 618 0016 10BD     		pop	{r4, pc}
ARM GAS  /tmp/ccuCtpn5.s 			page 20


 619              		.loc 1 477 1 view .LVU160
 620              		.cfi_endproc
 621              	.LFE153:
 623              		.text
 624              	.Letext0:
 625              		.file 2 "../Drivers/CMSIS/Device/ST/STM32F7xx/Include/stm32f767xx.h"
 626              		.file 3 "/usr/lib/gcc/arm-none-eabi/10.3.1/include/stdint.h"
 627              		.file 4 "../Drivers/STM32F7xx_HAL_Driver/Inc/stm32f7xx_hal_def.h"
 628              		.file 5 "../Drivers/STM32F7xx_HAL_Driver/Inc/stm32f7xx_hal_dma.h"
 629              		.file 6 "../Drivers/STM32F7xx_HAL_Driver/Inc/stm32f7xx_hal_dac.h"
ARM GAS  /tmp/ccuCtpn5.s 			page 21


DEFINED SYMBOLS
                            *ABS*:0000000000000000 stm32f7xx_hal_dac_ex.c
     /tmp/ccuCtpn5.s:17     .text.HAL_DACEx_DualStart:0000000000000000 $t
     /tmp/ccuCtpn5.s:25     .text.HAL_DACEx_DualStart:0000000000000000 HAL_DACEx_DualStart
     /tmp/ccuCtpn5.s:124    .text.HAL_DACEx_DualStop:0000000000000000 $t
     /tmp/ccuCtpn5.s:131    .text.HAL_DACEx_DualStop:0000000000000000 HAL_DACEx_DualStop
     /tmp/ccuCtpn5.s:163    .text.HAL_DACEx_TriangleWaveGenerate:0000000000000000 $t
     /tmp/ccuCtpn5.s:170    .text.HAL_DACEx_TriangleWaveGenerate:0000000000000000 HAL_DACEx_TriangleWaveGenerate
     /tmp/ccuCtpn5.s:242    .text.HAL_DACEx_NoiseWaveGenerate:0000000000000000 $t
     /tmp/ccuCtpn5.s:249    .text.HAL_DACEx_NoiseWaveGenerate:0000000000000000 HAL_DACEx_NoiseWaveGenerate
     /tmp/ccuCtpn5.s:321    .text.HAL_DACEx_DualSetValue:0000000000000000 $t
     /tmp/ccuCtpn5.s:328    .text.HAL_DACEx_DualSetValue:0000000000000000 HAL_DACEx_DualSetValue
     /tmp/ccuCtpn5.s:379    .text.HAL_DACEx_ConvCpltCallbackCh2:0000000000000000 $t
     /tmp/ccuCtpn5.s:386    .text.HAL_DACEx_ConvCpltCallbackCh2:0000000000000000 HAL_DACEx_ConvCpltCallbackCh2
     /tmp/ccuCtpn5.s:401    .text.HAL_DACEx_ConvHalfCpltCallbackCh2:0000000000000000 $t
     /tmp/ccuCtpn5.s:408    .text.HAL_DACEx_ConvHalfCpltCallbackCh2:0000000000000000 HAL_DACEx_ConvHalfCpltCallbackCh2
     /tmp/ccuCtpn5.s:423    .text.HAL_DACEx_ErrorCallbackCh2:0000000000000000 $t
     /tmp/ccuCtpn5.s:430    .text.HAL_DACEx_ErrorCallbackCh2:0000000000000000 HAL_DACEx_ErrorCallbackCh2
     /tmp/ccuCtpn5.s:445    .text.HAL_DACEx_DMAUnderrunCallbackCh2:0000000000000000 $t
     /tmp/ccuCtpn5.s:452    .text.HAL_DACEx_DMAUnderrunCallbackCh2:0000000000000000 HAL_DACEx_DMAUnderrunCallbackCh2
     /tmp/ccuCtpn5.s:467    .text.HAL_DACEx_DualGetValue:0000000000000000 $t
     /tmp/ccuCtpn5.s:474    .text.HAL_DACEx_DualGetValue:0000000000000000 HAL_DACEx_DualGetValue
     /tmp/ccuCtpn5.s:503    .text.DAC_DMAConvCpltCh2:0000000000000000 $t
     /tmp/ccuCtpn5.s:510    .text.DAC_DMAConvCpltCh2:0000000000000000 DAC_DMAConvCpltCh2
     /tmp/ccuCtpn5.s:544    .text.DAC_DMAHalfConvCpltCh2:0000000000000000 $t
     /tmp/ccuCtpn5.s:551    .text.DAC_DMAHalfConvCpltCh2:0000000000000000 DAC_DMAHalfConvCpltCh2
     /tmp/ccuCtpn5.s:578    .text.DAC_DMAErrorCh2:0000000000000000 $t
     /tmp/ccuCtpn5.s:585    .text.DAC_DMAErrorCh2:0000000000000000 DAC_DMAErrorCh2

NO UNDEFINED SYMBOLS
