ARM GAS  /tmp/cc2blSrl.s 			page 1


   1              		.cpu cortex-m7
   2              		.eabi_attribute 28, 1
   3              		.eabi_attribute 20, 1
   4              		.eabi_attribute 21, 1
   5              		.eabi_attribute 23, 3
   6              		.eabi_attribute 24, 1
   7              		.eabi_attribute 25, 1
   8              		.eabi_attribute 26, 1
   9              		.eabi_attribute 30, 1
  10              		.eabi_attribute 34, 1
  11              		.eabi_attribute 18, 4
  12              		.file	"wavelet.c"
  13              		.text
  14              	.Ltext0:
  15              		.cfi_sections	.debug_frame
  16              		.global	wave_bases
  17              		.section	.data.wave_bases,"aw"
  18              		.align	2
  21              	wave_bases:
  22 0000 00000000 		.word	morlet_base
  23              		.text
  24              	.Letext0:
  25              		.file 1 "/usr/lib/gcc/arm-none-eabi/10.3.1/include/stdint.h"
  26              		.file 2 "../Core/Src/wavelet.c"
ARM GAS  /tmp/cc2blSrl.s 			page 2


DEFINED SYMBOLS
                            *ABS*:0000000000000000 wavelet.c
     /tmp/cc2blSrl.s:21     .data.wave_bases:0000000000000000 wave_bases
     /tmp/cc2blSrl.s:18     .data.wave_bases:0000000000000000 $d

UNDEFINED SYMBOLS
morlet_base
