ARM GAS  /tmp/ccUNMDgb.s 			page 1


   1              		.cpu cortex-m7
   2              		.eabi_attribute 28, 1
   3              		.eabi_attribute 20, 1
   4              		.eabi_attribute 21, 1
   5              		.eabi_attribute 23, 3
   6              		.eabi_attribute 24, 1
   7              		.eabi_attribute 25, 1
   8              		.eabi_attribute 26, 1
   9              		.eabi_attribute 30, 1
  10              		.eabi_attribute 34, 1
  11              		.eabi_attribute 18, 4
  12              		.file	"dac.c"
  13              		.text
  14              	.Ltext0:
  15              		.cfi_sections	.debug_frame
  16              		.section	.text.MX_DAC_Init,"ax",%progbits
  17              		.align	1
  18              		.global	MX_DAC_Init
  19              		.arch armv7e-m
  20              		.syntax unified
  21              		.thumb
  22              		.thumb_func
  23              		.fpu fpv5-d16
  25              	MX_DAC_Init:
  26              	.LFB141:
  27              		.file 1 "../Core/Src/dac.c"
   1:../Core/Src/dac.c **** /* USER CODE BEGIN Header */
   2:../Core/Src/dac.c **** /**
   3:../Core/Src/dac.c ****   ******************************************************************************
   4:../Core/Src/dac.c ****   * @file    dac.c
   5:../Core/Src/dac.c ****   * @brief   This file provides code for the configuration
   6:../Core/Src/dac.c ****   *          of the DAC instances.
   7:../Core/Src/dac.c ****   ******************************************************************************
   8:../Core/Src/dac.c ****   * @attention
   9:../Core/Src/dac.c ****   *
  10:../Core/Src/dac.c ****   * Copyright (c) 2023 STMicroelectronics.
  11:../Core/Src/dac.c ****   * All rights reserved.
  12:../Core/Src/dac.c ****   *
  13:../Core/Src/dac.c ****   * This software is licensed under terms that can be found in the LICENSE file
  14:../Core/Src/dac.c ****   * in the root directory of this software component.
  15:../Core/Src/dac.c ****   * If no LICENSE file comes with this software, it is provided AS-IS.
  16:../Core/Src/dac.c ****   *
  17:../Core/Src/dac.c ****   ******************************************************************************
  18:../Core/Src/dac.c ****   */
  19:../Core/Src/dac.c **** /* USER CODE END Header */
  20:../Core/Src/dac.c **** /* Includes ------------------------------------------------------------------*/
  21:../Core/Src/dac.c **** #include "dac.h"
  22:../Core/Src/dac.c **** 
  23:../Core/Src/dac.c **** /* USER CODE BEGIN 0 */
  24:../Core/Src/dac.c **** 
  25:../Core/Src/dac.c **** /* USER CODE END 0 */
  26:../Core/Src/dac.c **** 
  27:../Core/Src/dac.c **** DAC_HandleTypeDef hdac;
  28:../Core/Src/dac.c **** DMA_HandleTypeDef hdma_dac2;
  29:../Core/Src/dac.c **** 
  30:../Core/Src/dac.c **** /* DAC init function */
  31:../Core/Src/dac.c **** void MX_DAC_Init(void)
ARM GAS  /tmp/ccUNMDgb.s 			page 2


  32:../Core/Src/dac.c **** {
  28              		.loc 1 32 1 view -0
  29              		.cfi_startproc
  30              		@ args = 0, pretend = 0, frame = 8
  31              		@ frame_needed = 0, uses_anonymous_args = 0
  32 0000 00B5     		push	{lr}
  33              	.LCFI0:
  34              		.cfi_def_cfa_offset 4
  35              		.cfi_offset 14, -4
  36 0002 83B0     		sub	sp, sp, #12
  37              	.LCFI1:
  38              		.cfi_def_cfa_offset 16
  33:../Core/Src/dac.c **** 
  34:../Core/Src/dac.c ****   /* USER CODE BEGIN DAC_Init 0 */
  35:../Core/Src/dac.c **** 
  36:../Core/Src/dac.c ****   /* USER CODE END DAC_Init 0 */
  37:../Core/Src/dac.c **** 
  38:../Core/Src/dac.c ****   DAC_ChannelConfTypeDef sConfig = {0};
  39              		.loc 1 38 3 view .LVU1
  40              		.loc 1 38 26 is_stmt 0 view .LVU2
  41 0004 0023     		movs	r3, #0
  42 0006 0093     		str	r3, [sp]
  43 0008 0193     		str	r3, [sp, #4]
  39:../Core/Src/dac.c **** 
  40:../Core/Src/dac.c ****   /* USER CODE BEGIN DAC_Init 1 */
  41:../Core/Src/dac.c **** 
  42:../Core/Src/dac.c ****   /* USER CODE END DAC_Init 1 */
  43:../Core/Src/dac.c **** 
  44:../Core/Src/dac.c ****   /** DAC Initialization
  45:../Core/Src/dac.c ****   */
  46:../Core/Src/dac.c ****   hdac.Instance = DAC;
  44              		.loc 1 46 3 is_stmt 1 view .LVU3
  45              		.loc 1 46 17 is_stmt 0 view .LVU4
  46 000a 1148     		ldr	r0, .L9
  47 000c 114B     		ldr	r3, .L9+4
  48 000e 0360     		str	r3, [r0]
  47:../Core/Src/dac.c ****   if (HAL_DAC_Init(&hdac) != HAL_OK)
  49              		.loc 1 47 3 is_stmt 1 view .LVU5
  50              		.loc 1 47 7 is_stmt 0 view .LVU6
  51 0010 FFF7FEFF 		bl	HAL_DAC_Init
  52              	.LVL0:
  53              		.loc 1 47 6 view .LVU7
  54 0014 90B9     		cbnz	r0, .L6
  55              	.L2:
  48:../Core/Src/dac.c ****   {
  49:../Core/Src/dac.c ****     Error_Handler();
  50:../Core/Src/dac.c ****   }
  51:../Core/Src/dac.c **** 
  52:../Core/Src/dac.c ****   /** DAC channel OUT1 config
  53:../Core/Src/dac.c ****   */
  54:../Core/Src/dac.c ****   sConfig.DAC_Trigger = DAC_TRIGGER_NONE;
  56              		.loc 1 54 3 is_stmt 1 view .LVU8
  57              		.loc 1 54 23 is_stmt 0 view .LVU9
  58 0016 0022     		movs	r2, #0
  59 0018 0092     		str	r2, [sp]
  55:../Core/Src/dac.c ****   sConfig.DAC_OutputBuffer = DAC_OUTPUTBUFFER_ENABLE;
  60              		.loc 1 55 3 is_stmt 1 view .LVU10
ARM GAS  /tmp/ccUNMDgb.s 			page 3


  61              		.loc 1 55 28 is_stmt 0 view .LVU11
  62 001a 0192     		str	r2, [sp, #4]
  56:../Core/Src/dac.c ****   if (HAL_DAC_ConfigChannel(&hdac, &sConfig, DAC_CHANNEL_1) != HAL_OK)
  63              		.loc 1 56 3 is_stmt 1 view .LVU12
  64              		.loc 1 56 7 is_stmt 0 view .LVU13
  65 001c 6946     		mov	r1, sp
  66 001e 0C48     		ldr	r0, .L9
  67 0020 FFF7FEFF 		bl	HAL_DAC_ConfigChannel
  68              	.LVL1:
  69              		.loc 1 56 6 view .LVU14
  70 0024 68B9     		cbnz	r0, .L7
  71              	.L3:
  57:../Core/Src/dac.c ****   {
  58:../Core/Src/dac.c ****     Error_Handler();
  59:../Core/Src/dac.c ****   }
  60:../Core/Src/dac.c **** 
  61:../Core/Src/dac.c ****   /** DAC channel OUT2 config
  62:../Core/Src/dac.c ****   */
  63:../Core/Src/dac.c ****   sConfig.DAC_Trigger = DAC_TRIGGER_T2_TRGO;
  72              		.loc 1 63 3 is_stmt 1 view .LVU15
  73              		.loc 1 63 23 is_stmt 0 view .LVU16
  74 0026 2423     		movs	r3, #36
  75 0028 0093     		str	r3, [sp]
  64:../Core/Src/dac.c ****   if (HAL_DAC_ConfigChannel(&hdac, &sConfig, DAC_CHANNEL_2) != HAL_OK)
  76              		.loc 1 64 3 is_stmt 1 view .LVU17
  77              		.loc 1 64 7 is_stmt 0 view .LVU18
  78 002a 1022     		movs	r2, #16
  79 002c 6946     		mov	r1, sp
  80 002e 0848     		ldr	r0, .L9
  81 0030 FFF7FEFF 		bl	HAL_DAC_ConfigChannel
  82              	.LVL2:
  83              		.loc 1 64 6 view .LVU19
  84 0034 40B9     		cbnz	r0, .L8
  85              	.L1:
  65:../Core/Src/dac.c ****   {
  66:../Core/Src/dac.c ****     Error_Handler();
  67:../Core/Src/dac.c ****   }
  68:../Core/Src/dac.c ****   /* USER CODE BEGIN DAC_Init 2 */
  69:../Core/Src/dac.c **** 
  70:../Core/Src/dac.c ****   /* USER CODE END DAC_Init 2 */
  71:../Core/Src/dac.c **** 
  72:../Core/Src/dac.c **** }
  86              		.loc 1 72 1 view .LVU20
  87 0036 03B0     		add	sp, sp, #12
  88              	.LCFI2:
  89              		.cfi_remember_state
  90              		.cfi_def_cfa_offset 4
  91              		@ sp needed
  92 0038 5DF804FB 		ldr	pc, [sp], #4
  93              	.L6:
  94              	.LCFI3:
  95              		.cfi_restore_state
  49:../Core/Src/dac.c ****   }
  96              		.loc 1 49 5 is_stmt 1 view .LVU21
  97 003c FFF7FEFF 		bl	Error_Handler
  98              	.LVL3:
  99 0040 E9E7     		b	.L2
ARM GAS  /tmp/ccUNMDgb.s 			page 4


 100              	.L7:
  58:../Core/Src/dac.c ****   }
 101              		.loc 1 58 5 view .LVU22
 102 0042 FFF7FEFF 		bl	Error_Handler
 103              	.LVL4:
 104 0046 EEE7     		b	.L3
 105              	.L8:
  66:../Core/Src/dac.c ****   }
 106              		.loc 1 66 5 view .LVU23
 107 0048 FFF7FEFF 		bl	Error_Handler
 108              	.LVL5:
 109              		.loc 1 72 1 is_stmt 0 view .LVU24
 110 004c F3E7     		b	.L1
 111              	.L10:
 112 004e 00BF     		.align	2
 113              	.L9:
 114 0050 00000000 		.word	.LANCHOR0
 115 0054 00740040 		.word	1073771520
 116              		.cfi_endproc
 117              	.LFE141:
 119              		.section	.text.HAL_DAC_MspInit,"ax",%progbits
 120              		.align	1
 121              		.global	HAL_DAC_MspInit
 122              		.syntax unified
 123              		.thumb
 124              		.thumb_func
 125              		.fpu fpv5-d16
 127              	HAL_DAC_MspInit:
 128              	.LVL6:
 129              	.LFB142:
  73:../Core/Src/dac.c **** 
  74:../Core/Src/dac.c **** void HAL_DAC_MspInit(DAC_HandleTypeDef* dacHandle)
  75:../Core/Src/dac.c **** {
 130              		.loc 1 75 1 is_stmt 1 view -0
 131              		.cfi_startproc
 132              		@ args = 0, pretend = 0, frame = 32
 133              		@ frame_needed = 0, uses_anonymous_args = 0
 134              		.loc 1 75 1 is_stmt 0 view .LVU26
 135 0000 10B5     		push	{r4, lr}
 136              	.LCFI4:
 137              		.cfi_def_cfa_offset 8
 138              		.cfi_offset 4, -8
 139              		.cfi_offset 14, -4
 140 0002 88B0     		sub	sp, sp, #32
 141              	.LCFI5:
 142              		.cfi_def_cfa_offset 40
  76:../Core/Src/dac.c **** 
  77:../Core/Src/dac.c ****   GPIO_InitTypeDef GPIO_InitStruct = {0};
 143              		.loc 1 77 3 is_stmt 1 view .LVU27
 144              		.loc 1 77 20 is_stmt 0 view .LVU28
 145 0004 0023     		movs	r3, #0
 146 0006 0393     		str	r3, [sp, #12]
 147 0008 0493     		str	r3, [sp, #16]
 148 000a 0593     		str	r3, [sp, #20]
 149 000c 0693     		str	r3, [sp, #24]
 150 000e 0793     		str	r3, [sp, #28]
  78:../Core/Src/dac.c ****   if(dacHandle->Instance==DAC)
ARM GAS  /tmp/ccUNMDgb.s 			page 5


 151              		.loc 1 78 3 is_stmt 1 view .LVU29
 152              		.loc 1 78 15 is_stmt 0 view .LVU30
 153 0010 0268     		ldr	r2, [r0]
 154              		.loc 1 78 5 view .LVU31
 155 0012 234B     		ldr	r3, .L17
 156 0014 9A42     		cmp	r2, r3
 157 0016 01D0     		beq	.L15
 158              	.LVL7:
 159              	.L11:
  79:../Core/Src/dac.c ****   {
  80:../Core/Src/dac.c ****   /* USER CODE BEGIN DAC_MspInit 0 */
  81:../Core/Src/dac.c **** 
  82:../Core/Src/dac.c ****   /* USER CODE END DAC_MspInit 0 */
  83:../Core/Src/dac.c ****     /* DAC clock enable */
  84:../Core/Src/dac.c ****     __HAL_RCC_DAC_CLK_ENABLE();
  85:../Core/Src/dac.c **** 
  86:../Core/Src/dac.c ****     __HAL_RCC_GPIOA_CLK_ENABLE();
  87:../Core/Src/dac.c ****     /**DAC GPIO Configuration
  88:../Core/Src/dac.c ****     PA4     ------> DAC_OUT1
  89:../Core/Src/dac.c ****     PA5     ------> DAC_OUT2
  90:../Core/Src/dac.c ****     */
  91:../Core/Src/dac.c ****     GPIO_InitStruct.Pin = GPIO_PIN_4|GPIO_PIN_5;
  92:../Core/Src/dac.c ****     GPIO_InitStruct.Mode = GPIO_MODE_ANALOG;
  93:../Core/Src/dac.c ****     GPIO_InitStruct.Pull = GPIO_NOPULL;
  94:../Core/Src/dac.c ****     HAL_GPIO_Init(GPIOA, &GPIO_InitStruct);
  95:../Core/Src/dac.c **** 
  96:../Core/Src/dac.c ****     /* DAC DMA Init */
  97:../Core/Src/dac.c ****     /* DAC2 Init */
  98:../Core/Src/dac.c ****     hdma_dac2.Instance = DMA1_Stream6;
  99:../Core/Src/dac.c ****     hdma_dac2.Init.Channel = DMA_CHANNEL_7;
 100:../Core/Src/dac.c ****     hdma_dac2.Init.Direction = DMA_MEMORY_TO_PERIPH;
 101:../Core/Src/dac.c ****     hdma_dac2.Init.PeriphInc = DMA_PINC_DISABLE;
 102:../Core/Src/dac.c ****     hdma_dac2.Init.MemInc = DMA_MINC_ENABLE;
 103:../Core/Src/dac.c ****     hdma_dac2.Init.PeriphDataAlignment = DMA_PDATAALIGN_WORD;
 104:../Core/Src/dac.c ****     hdma_dac2.Init.MemDataAlignment = DMA_MDATAALIGN_WORD;
 105:../Core/Src/dac.c ****     hdma_dac2.Init.Mode = DMA_CIRCULAR;
 106:../Core/Src/dac.c ****     hdma_dac2.Init.Priority = DMA_PRIORITY_VERY_HIGH;
 107:../Core/Src/dac.c ****     hdma_dac2.Init.FIFOMode = DMA_FIFOMODE_DISABLE;
 108:../Core/Src/dac.c ****     if (HAL_DMA_Init(&hdma_dac2) != HAL_OK)
 109:../Core/Src/dac.c ****     {
 110:../Core/Src/dac.c ****       Error_Handler();
 111:../Core/Src/dac.c ****     }
 112:../Core/Src/dac.c **** 
 113:../Core/Src/dac.c ****     __HAL_LINKDMA(dacHandle,DMA_Handle2,hdma_dac2);
 114:../Core/Src/dac.c **** 
 115:../Core/Src/dac.c ****   /* USER CODE BEGIN DAC_MspInit 1 */
 116:../Core/Src/dac.c **** 
 117:../Core/Src/dac.c ****   /* USER CODE END DAC_MspInit 1 */
 118:../Core/Src/dac.c ****   }
 119:../Core/Src/dac.c **** }
 160              		.loc 1 119 1 view .LVU32
 161 0018 08B0     		add	sp, sp, #32
 162              	.LCFI6:
 163              		.cfi_remember_state
 164              		.cfi_def_cfa_offset 8
 165              		@ sp needed
 166 001a 10BD     		pop	{r4, pc}
ARM GAS  /tmp/ccUNMDgb.s 			page 6


 167              	.LVL8:
 168              	.L15:
 169              	.LCFI7:
 170              		.cfi_restore_state
 171              		.loc 1 119 1 view .LVU33
 172 001c 0446     		mov	r4, r0
  84:../Core/Src/dac.c **** 
 173              		.loc 1 84 5 is_stmt 1 view .LVU34
 174              	.LBB2:
  84:../Core/Src/dac.c **** 
 175              		.loc 1 84 5 view .LVU35
  84:../Core/Src/dac.c **** 
 176              		.loc 1 84 5 view .LVU36
 177 001e 03F5E233 		add	r3, r3, #115712
 178 0022 1A6C     		ldr	r2, [r3, #64]
 179 0024 42F00052 		orr	r2, r2, #536870912
 180 0028 1A64     		str	r2, [r3, #64]
  84:../Core/Src/dac.c **** 
 181              		.loc 1 84 5 view .LVU37
 182 002a 1A6C     		ldr	r2, [r3, #64]
 183 002c 02F00052 		and	r2, r2, #536870912
 184 0030 0192     		str	r2, [sp, #4]
  84:../Core/Src/dac.c **** 
 185              		.loc 1 84 5 view .LVU38
 186 0032 019A     		ldr	r2, [sp, #4]
 187              	.LBE2:
  84:../Core/Src/dac.c **** 
 188              		.loc 1 84 5 view .LVU39
  86:../Core/Src/dac.c ****     /**DAC GPIO Configuration
 189              		.loc 1 86 5 view .LVU40
 190              	.LBB3:
  86:../Core/Src/dac.c ****     /**DAC GPIO Configuration
 191              		.loc 1 86 5 view .LVU41
  86:../Core/Src/dac.c ****     /**DAC GPIO Configuration
 192              		.loc 1 86 5 view .LVU42
 193 0034 1A6B     		ldr	r2, [r3, #48]
 194 0036 42F00102 		orr	r2, r2, #1
 195 003a 1A63     		str	r2, [r3, #48]
  86:../Core/Src/dac.c ****     /**DAC GPIO Configuration
 196              		.loc 1 86 5 view .LVU43
 197 003c 1B6B     		ldr	r3, [r3, #48]
 198 003e 03F00103 		and	r3, r3, #1
 199 0042 0293     		str	r3, [sp, #8]
  86:../Core/Src/dac.c ****     /**DAC GPIO Configuration
 200              		.loc 1 86 5 view .LVU44
 201 0044 029B     		ldr	r3, [sp, #8]
 202              	.LBE3:
  86:../Core/Src/dac.c ****     /**DAC GPIO Configuration
 203              		.loc 1 86 5 view .LVU45
  91:../Core/Src/dac.c ****     GPIO_InitStruct.Mode = GPIO_MODE_ANALOG;
 204              		.loc 1 91 5 view .LVU46
  91:../Core/Src/dac.c ****     GPIO_InitStruct.Mode = GPIO_MODE_ANALOG;
 205              		.loc 1 91 25 is_stmt 0 view .LVU47
 206 0046 3023     		movs	r3, #48
 207 0048 0393     		str	r3, [sp, #12]
  92:../Core/Src/dac.c ****     GPIO_InitStruct.Pull = GPIO_NOPULL;
 208              		.loc 1 92 5 is_stmt 1 view .LVU48
ARM GAS  /tmp/ccUNMDgb.s 			page 7


  92:../Core/Src/dac.c ****     GPIO_InitStruct.Pull = GPIO_NOPULL;
 209              		.loc 1 92 26 is_stmt 0 view .LVU49
 210 004a 0323     		movs	r3, #3
 211 004c 0493     		str	r3, [sp, #16]
  93:../Core/Src/dac.c ****     HAL_GPIO_Init(GPIOA, &GPIO_InitStruct);
 212              		.loc 1 93 5 is_stmt 1 view .LVU50
  94:../Core/Src/dac.c **** 
 213              		.loc 1 94 5 view .LVU51
 214 004e 03A9     		add	r1, sp, #12
 215 0050 1448     		ldr	r0, .L17+4
 216              	.LVL9:
  94:../Core/Src/dac.c **** 
 217              		.loc 1 94 5 is_stmt 0 view .LVU52
 218 0052 FFF7FEFF 		bl	HAL_GPIO_Init
 219              	.LVL10:
  98:../Core/Src/dac.c ****     hdma_dac2.Init.Channel = DMA_CHANNEL_7;
 220              		.loc 1 98 5 is_stmt 1 view .LVU53
  98:../Core/Src/dac.c ****     hdma_dac2.Init.Channel = DMA_CHANNEL_7;
 221              		.loc 1 98 24 is_stmt 0 view .LVU54
 222 0056 1448     		ldr	r0, .L17+8
 223 0058 144B     		ldr	r3, .L17+12
 224 005a 0360     		str	r3, [r0]
  99:../Core/Src/dac.c ****     hdma_dac2.Init.Direction = DMA_MEMORY_TO_PERIPH;
 225              		.loc 1 99 5 is_stmt 1 view .LVU55
  99:../Core/Src/dac.c ****     hdma_dac2.Init.Direction = DMA_MEMORY_TO_PERIPH;
 226              		.loc 1 99 28 is_stmt 0 view .LVU56
 227 005c 4FF06063 		mov	r3, #234881024
 228 0060 4360     		str	r3, [r0, #4]
 100:../Core/Src/dac.c ****     hdma_dac2.Init.PeriphInc = DMA_PINC_DISABLE;
 229              		.loc 1 100 5 is_stmt 1 view .LVU57
 100:../Core/Src/dac.c ****     hdma_dac2.Init.PeriphInc = DMA_PINC_DISABLE;
 230              		.loc 1 100 30 is_stmt 0 view .LVU58
 231 0062 4023     		movs	r3, #64
 232 0064 8360     		str	r3, [r0, #8]
 101:../Core/Src/dac.c ****     hdma_dac2.Init.MemInc = DMA_MINC_ENABLE;
 233              		.loc 1 101 5 is_stmt 1 view .LVU59
 101:../Core/Src/dac.c ****     hdma_dac2.Init.MemInc = DMA_MINC_ENABLE;
 234              		.loc 1 101 30 is_stmt 0 view .LVU60
 235 0066 0023     		movs	r3, #0
 236 0068 C360     		str	r3, [r0, #12]
 102:../Core/Src/dac.c ****     hdma_dac2.Init.PeriphDataAlignment = DMA_PDATAALIGN_WORD;
 237              		.loc 1 102 5 is_stmt 1 view .LVU61
 102:../Core/Src/dac.c ****     hdma_dac2.Init.PeriphDataAlignment = DMA_PDATAALIGN_WORD;
 238              		.loc 1 102 27 is_stmt 0 view .LVU62
 239 006a 4FF48062 		mov	r2, #1024
 240 006e 0261     		str	r2, [r0, #16]
 103:../Core/Src/dac.c ****     hdma_dac2.Init.MemDataAlignment = DMA_MDATAALIGN_WORD;
 241              		.loc 1 103 5 is_stmt 1 view .LVU63
 103:../Core/Src/dac.c ****     hdma_dac2.Init.MemDataAlignment = DMA_MDATAALIGN_WORD;
 242              		.loc 1 103 40 is_stmt 0 view .LVU64
 243 0070 4FF48052 		mov	r2, #4096
 244 0074 4261     		str	r2, [r0, #20]
 104:../Core/Src/dac.c ****     hdma_dac2.Init.Mode = DMA_CIRCULAR;
 245              		.loc 1 104 5 is_stmt 1 view .LVU65
 104:../Core/Src/dac.c ****     hdma_dac2.Init.Mode = DMA_CIRCULAR;
 246              		.loc 1 104 37 is_stmt 0 view .LVU66
 247 0076 4FF48042 		mov	r2, #16384
ARM GAS  /tmp/ccUNMDgb.s 			page 8


 248 007a 8261     		str	r2, [r0, #24]
 105:../Core/Src/dac.c ****     hdma_dac2.Init.Priority = DMA_PRIORITY_VERY_HIGH;
 249              		.loc 1 105 5 is_stmt 1 view .LVU67
 105:../Core/Src/dac.c ****     hdma_dac2.Init.Priority = DMA_PRIORITY_VERY_HIGH;
 250              		.loc 1 105 25 is_stmt 0 view .LVU68
 251 007c 4FF48072 		mov	r2, #256
 252 0080 C261     		str	r2, [r0, #28]
 106:../Core/Src/dac.c ****     hdma_dac2.Init.FIFOMode = DMA_FIFOMODE_DISABLE;
 253              		.loc 1 106 5 is_stmt 1 view .LVU69
 106:../Core/Src/dac.c ****     hdma_dac2.Init.FIFOMode = DMA_FIFOMODE_DISABLE;
 254              		.loc 1 106 29 is_stmt 0 view .LVU70
 255 0082 4FF44032 		mov	r2, #196608
 256 0086 0262     		str	r2, [r0, #32]
 107:../Core/Src/dac.c ****     if (HAL_DMA_Init(&hdma_dac2) != HAL_OK)
 257              		.loc 1 107 5 is_stmt 1 view .LVU71
 107:../Core/Src/dac.c ****     if (HAL_DMA_Init(&hdma_dac2) != HAL_OK)
 258              		.loc 1 107 29 is_stmt 0 view .LVU72
 259 0088 4362     		str	r3, [r0, #36]
 108:../Core/Src/dac.c ****     {
 260              		.loc 1 108 5 is_stmt 1 view .LVU73
 108:../Core/Src/dac.c ****     {
 261              		.loc 1 108 9 is_stmt 0 view .LVU74
 262 008a FFF7FEFF 		bl	HAL_DMA_Init
 263              	.LVL11:
 108:../Core/Src/dac.c ****     {
 264              		.loc 1 108 8 view .LVU75
 265 008e 18B9     		cbnz	r0, .L16
 266              	.L13:
 113:../Core/Src/dac.c **** 
 267              		.loc 1 113 5 is_stmt 1 view .LVU76
 113:../Core/Src/dac.c **** 
 268              		.loc 1 113 5 view .LVU77
 269 0090 054B     		ldr	r3, .L17+8
 270 0092 E360     		str	r3, [r4, #12]
 113:../Core/Src/dac.c **** 
 271              		.loc 1 113 5 view .LVU78
 272 0094 9C63     		str	r4, [r3, #56]
 113:../Core/Src/dac.c **** 
 273              		.loc 1 113 5 view .LVU79
 274              		.loc 1 119 1 is_stmt 0 view .LVU80
 275 0096 BFE7     		b	.L11
 276              	.L16:
 110:../Core/Src/dac.c ****     }
 277              		.loc 1 110 7 is_stmt 1 view .LVU81
 278 0098 FFF7FEFF 		bl	Error_Handler
 279              	.LVL12:
 280 009c F8E7     		b	.L13
 281              	.L18:
 282 009e 00BF     		.align	2
 283              	.L17:
 284 00a0 00740040 		.word	1073771520
 285 00a4 00000240 		.word	1073872896
 286 00a8 00000000 		.word	.LANCHOR1
 287 00ac A0600240 		.word	1073897632
 288              		.cfi_endproc
 289              	.LFE142:
 291              		.section	.text.HAL_DAC_MspDeInit,"ax",%progbits
ARM GAS  /tmp/ccUNMDgb.s 			page 9


 292              		.align	1
 293              		.global	HAL_DAC_MspDeInit
 294              		.syntax unified
 295              		.thumb
 296              		.thumb_func
 297              		.fpu fpv5-d16
 299              	HAL_DAC_MspDeInit:
 300              	.LVL13:
 301              	.LFB143:
 120:../Core/Src/dac.c **** 
 121:../Core/Src/dac.c **** void HAL_DAC_MspDeInit(DAC_HandleTypeDef* dacHandle)
 122:../Core/Src/dac.c **** {
 302              		.loc 1 122 1 view -0
 303              		.cfi_startproc
 304              		@ args = 0, pretend = 0, frame = 0
 305              		@ frame_needed = 0, uses_anonymous_args = 0
 123:../Core/Src/dac.c **** 
 124:../Core/Src/dac.c ****   if(dacHandle->Instance==DAC)
 306              		.loc 1 124 3 view .LVU83
 307              		.loc 1 124 15 is_stmt 0 view .LVU84
 308 0000 0268     		ldr	r2, [r0]
 309              		.loc 1 124 5 view .LVU85
 310 0002 094B     		ldr	r3, .L26
 311 0004 9A42     		cmp	r2, r3
 312 0006 00D0     		beq	.L25
 313 0008 7047     		bx	lr
 314              	.L25:
 122:../Core/Src/dac.c **** 
 315              		.loc 1 122 1 view .LVU86
 316 000a 10B5     		push	{r4, lr}
 317              	.LCFI8:
 318              		.cfi_def_cfa_offset 8
 319              		.cfi_offset 4, -8
 320              		.cfi_offset 14, -4
 321 000c 0446     		mov	r4, r0
 125:../Core/Src/dac.c ****   {
 126:../Core/Src/dac.c ****   /* USER CODE BEGIN DAC_MspDeInit 0 */
 127:../Core/Src/dac.c **** 
 128:../Core/Src/dac.c ****   /* USER CODE END DAC_MspDeInit 0 */
 129:../Core/Src/dac.c ****     /* Peripheral clock disable */
 130:../Core/Src/dac.c ****     __HAL_RCC_DAC_CLK_DISABLE();
 322              		.loc 1 130 5 is_stmt 1 view .LVU87
 323 000e 074A     		ldr	r2, .L26+4
 324 0010 136C     		ldr	r3, [r2, #64]
 325 0012 23F00053 		bic	r3, r3, #536870912
 326 0016 1364     		str	r3, [r2, #64]
 131:../Core/Src/dac.c **** 
 132:../Core/Src/dac.c ****     /**DAC GPIO Configuration
 133:../Core/Src/dac.c ****     PA4     ------> DAC_OUT1
 134:../Core/Src/dac.c ****     PA5     ------> DAC_OUT2
 135:../Core/Src/dac.c ****     */
 136:../Core/Src/dac.c ****     HAL_GPIO_DeInit(GPIOA, GPIO_PIN_4|GPIO_PIN_5);
 327              		.loc 1 136 5 view .LVU88
 328 0018 3021     		movs	r1, #48
 329 001a 0548     		ldr	r0, .L26+8
 330              	.LVL14:
 331              		.loc 1 136 5 is_stmt 0 view .LVU89
ARM GAS  /tmp/ccUNMDgb.s 			page 10


 332 001c FFF7FEFF 		bl	HAL_GPIO_DeInit
 333              	.LVL15:
 137:../Core/Src/dac.c **** 
 138:../Core/Src/dac.c ****     /* DAC DMA DeInit */
 139:../Core/Src/dac.c ****     HAL_DMA_DeInit(dacHandle->DMA_Handle2);
 334              		.loc 1 139 5 is_stmt 1 view .LVU90
 335 0020 E068     		ldr	r0, [r4, #12]
 336 0022 FFF7FEFF 		bl	HAL_DMA_DeInit
 337              	.LVL16:
 140:../Core/Src/dac.c ****   /* USER CODE BEGIN DAC_MspDeInit 1 */
 141:../Core/Src/dac.c **** 
 142:../Core/Src/dac.c ****   /* USER CODE END DAC_MspDeInit 1 */
 143:../Core/Src/dac.c ****   }
 144:../Core/Src/dac.c **** }
 338              		.loc 1 144 1 is_stmt 0 view .LVU91
 339 0026 10BD     		pop	{r4, pc}
 340              	.LVL17:
 341              	.L27:
 342              		.loc 1 144 1 view .LVU92
 343              		.align	2
 344              	.L26:
 345 0028 00740040 		.word	1073771520
 346 002c 00380240 		.word	1073887232
 347 0030 00000240 		.word	1073872896
 348              		.cfi_endproc
 349              	.LFE143:
 351              		.global	hdma_dac2
 352              		.global	hdac
 353              		.section	.bss.hdac,"aw",%nobits
 354              		.align	2
 355              		.set	.LANCHOR0,. + 0
 358              	hdac:
 359 0000 00000000 		.space	20
 359      00000000 
 359      00000000 
 359      00000000 
 359      00000000 
 360              		.section	.bss.hdma_dac2,"aw",%nobits
 361              		.align	2
 362              		.set	.LANCHOR1,. + 0
 365              	hdma_dac2:
 366 0000 00000000 		.space	96
 366      00000000 
 366      00000000 
 366      00000000 
 366      00000000 
 367              		.text
 368              	.Letext0:
 369              		.file 2 "/usr/lib/gcc/arm-none-eabi/10.3.1/include/stdint.h"
 370              		.file 3 "../Drivers/CMSIS/Device/ST/STM32F7xx/Include/stm32f767xx.h"
 371              		.file 4 "../Drivers/STM32F7xx_HAL_Driver/Inc/stm32f7xx_hal_def.h"
 372              		.file 5 "../Drivers/STM32F7xx_HAL_Driver/Inc/stm32f7xx_hal_gpio.h"
 373              		.file 6 "../Drivers/STM32F7xx_HAL_Driver/Inc/stm32f7xx_hal_dma.h"
 374              		.file 7 "../Drivers/STM32F7xx_HAL_Driver/Inc/stm32f7xx_hal_dac.h"
 375              		.file 8 "../Core/Inc/dac.h"
 376              		.file 9 "../Core/Inc/main.h"
ARM GAS  /tmp/ccUNMDgb.s 			page 11


DEFINED SYMBOLS
                            *ABS*:0000000000000000 dac.c
     /tmp/ccUNMDgb.s:17     .text.MX_DAC_Init:0000000000000000 $t
     /tmp/ccUNMDgb.s:25     .text.MX_DAC_Init:0000000000000000 MX_DAC_Init
     /tmp/ccUNMDgb.s:114    .text.MX_DAC_Init:0000000000000050 $d
     /tmp/ccUNMDgb.s:120    .text.HAL_DAC_MspInit:0000000000000000 $t
     /tmp/ccUNMDgb.s:127    .text.HAL_DAC_MspInit:0000000000000000 HAL_DAC_MspInit
     /tmp/ccUNMDgb.s:284    .text.HAL_DAC_MspInit:00000000000000a0 $d
     /tmp/ccUNMDgb.s:292    .text.HAL_DAC_MspDeInit:0000000000000000 $t
     /tmp/ccUNMDgb.s:299    .text.HAL_DAC_MspDeInit:0000000000000000 HAL_DAC_MspDeInit
     /tmp/ccUNMDgb.s:345    .text.HAL_DAC_MspDeInit:0000000000000028 $d
     /tmp/ccUNMDgb.s:365    .bss.hdma_dac2:0000000000000000 hdma_dac2
     /tmp/ccUNMDgb.s:358    .bss.hdac:0000000000000000 hdac
     /tmp/ccUNMDgb.s:354    .bss.hdac:0000000000000000 $d
     /tmp/ccUNMDgb.s:361    .bss.hdma_dac2:0000000000000000 $d

UNDEFINED SYMBOLS
HAL_DAC_Init
HAL_DAC_ConfigChannel
Error_Handler
HAL_GPIO_Init
HAL_DMA_Init
HAL_GPIO_DeInit
HAL_DMA_DeInit
