ARM GAS  /tmp/ccpLmaRB.s 			page 1


   1              		.cpu cortex-m7
   2              		.eabi_attribute 28, 1
   3              		.eabi_attribute 20, 1
   4              		.eabi_attribute 21, 1
   5              		.eabi_attribute 23, 3
   6              		.eabi_attribute 24, 1
   7              		.eabi_attribute 25, 1
   8              		.eabi_attribute 26, 1
   9              		.eabi_attribute 30, 1
  10              		.eabi_attribute 34, 1
  11              		.eabi_attribute 18, 4
  12              		.file	"utils.c"
  13              		.text
  14              	.Ltext0:
  15              		.cfi_sections	.debug_frame
  16              		.section	.text.my_atoi,"ax",%progbits
  17              		.align	1
  18              		.global	my_atoi
  19              		.arch armv7e-m
  20              		.syntax unified
  21              		.thumb
  22              		.thumb_func
  23              		.fpu fpv5-d16
  25              	my_atoi:
  26              	.LVL0:
  27              	.LFB0:
  28              		.file 1 "../Core/Src/utils.c"
   1:../Core/Src/utils.c **** #include "utils.h"
   2:../Core/Src/utils.c **** #include <stdlib.h>
   3:../Core/Src/utils.c **** #include <stdint.h>
   4:../Core/Src/utils.c **** 
   5:../Core/Src/utils.c **** /******************************************************************************
   6:../Core/Src/utils.c **** @brief	Converts string 'str' to int, verifying if its ASCII values are valid 
   7:../Core/Src/utils.c **** 					(0-9 || A-F)
   8:../Core/Src/utils.c **** @param  String 'str' to be converted
   9:../Core/Src/utils.c **** 
  10:../Core/Src/utils.c **** @retval Int value of string converted
  11:../Core/Src/utils.c **** ******************************************************************************/
  12:../Core/Src/utils.c **** int my_atoi(const char *str)
  13:../Core/Src/utils.c **** {
  29              		.loc 1 13 1 view -0
  30              		.cfi_startproc
  31              		@ args = 0, pretend = 0, frame = 0
  32              		@ frame_needed = 0, uses_anonymous_args = 0
  33              		.loc 1 13 1 is_stmt 0 view .LVU1
  34 0000 08B5     		push	{r3, lr}
  35              	.LCFI0:
  36              		.cfi_def_cfa_offset 8
  37              		.cfi_offset 3, -8
  38              		.cfi_offset 14, -4
  14:../Core/Src/utils.c **** 	uint8_t i = 0;
  39              		.loc 1 14 2 is_stmt 1 view .LVU2
  40              	.LVL1:
  15:../Core/Src/utils.c **** 
  16:../Core/Src/utils.c **** 	while(str[i]) // end of array
  41              		.loc 1 16 2 view .LVU3
  14:../Core/Src/utils.c **** 	uint8_t i = 0;
ARM GAS  /tmp/ccpLmaRB.s 			page 2


  42              		.loc 1 14 10 is_stmt 0 view .LVU4
  43 0002 0022     		movs	r2, #0
  44              		.loc 1 16 7 view .LVU5
  45 0004 01E0     		b	.L2
  46              	.LVL2:
  47              	.L8:
  17:../Core/Src/utils.c **** 	{
  18:../Core/Src/utils.c **** 		if(((str[i] < 0x30) || (str[i] > 0x41)) && ((str[i] < 0x41) || (str[i] > 0x46))) // 0x30 ('0'); 0
  19:../Core/Src/utils.c **** 			return -1;		// invalid
  20:../Core/Src/utils.c **** 		i++;
  48              		.loc 1 20 3 is_stmt 1 view .LVU6
  49              		.loc 1 20 4 is_stmt 0 view .LVU7
  50 0006 0132     		adds	r2, r2, #1
  51              	.LVL3:
  52              		.loc 1 20 4 view .LVU8
  53 0008 D2B2     		uxtb	r2, r2
  54              	.LVL4:
  55              	.L2:
  16:../Core/Src/utils.c **** 	{
  56              		.loc 1 16 7 is_stmt 1 view .LVU9
  16:../Core/Src/utils.c **** 	{
  57              		.loc 1 16 11 is_stmt 0 view .LVU10
  58 000a 835C     		ldrb	r3, [r0, r2]	@ zero_extendqisi2
  16:../Core/Src/utils.c **** 	{
  59              		.loc 1 16 7 view .LVU11
  60 000c 33B1     		cbz	r3, .L7
  18:../Core/Src/utils.c **** 			return -1;		// invalid
  61              		.loc 1 18 3 is_stmt 1 view .LVU12
  18:../Core/Src/utils.c **** 			return -1;		// invalid
  62              		.loc 1 18 43 is_stmt 0 view .LVU13
  63 000e 303B     		subs	r3, r3, #48
  64 0010 DBB2     		uxtb	r3, r3
  18:../Core/Src/utils.c **** 			return -1;		// invalid
  65              		.loc 1 18 5 view .LVU14
  66 0012 162B     		cmp	r3, #22
  67 0014 F7D9     		bls	.L8
  19:../Core/Src/utils.c **** 		i++;
  68              		.loc 1 19 11 view .LVU15
  69 0016 4FF0FF30 		mov	r0, #-1
  70              	.LVL5:
  19:../Core/Src/utils.c **** 		i++;
  71              		.loc 1 19 11 view .LVU16
  72 001a 03E0     		b	.L1
  73              	.LVL6:
  74              	.L7:
  21:../Core/Src/utils.c **** 	}
  22:../Core/Src/utils.c **** 	return (int)strtol(str, NULL, 16); // convert string str (representing a hexadecimal value) into a
  75              		.loc 1 22 2 is_stmt 1 view .LVU17
  76              		.loc 1 22 14 is_stmt 0 view .LVU18
  77 001c 1022     		movs	r2, #16
  78              	.LVL7:
  79              		.loc 1 22 14 view .LVU19
  80 001e 0021     		movs	r1, #0
  81 0020 FFF7FEFF 		bl	strtol
  82              	.LVL8:
  83              	.L1:
  23:../Core/Src/utils.c **** }
ARM GAS  /tmp/ccpLmaRB.s 			page 3


  84              		.loc 1 23 1 view .LVU20
  85 0024 08BD     		pop	{r3, pc}
  86              		.cfi_endproc
  87              	.LFE0:
  89              		.text
  90              	.Letext0:
  91              		.file 2 "/usr/lib/gcc/arm-none-eabi/10.3.1/include/stdint.h"
  92              		.file 3 "/usr/include/newlib/stdlib.h"
ARM GAS  /tmp/ccpLmaRB.s 			page 4


DEFINED SYMBOLS
                            *ABS*:0000000000000000 utils.c
     /tmp/ccpLmaRB.s:17     .text.my_atoi:0000000000000000 $t
     /tmp/ccpLmaRB.s:25     .text.my_atoi:0000000000000000 my_atoi

UNDEFINED SYMBOLS
strtol
